03-17 22:04:04 com_github_MitjaNemec_Archive3DModels.action_archive_3d_models 220:Plugin executed on: 'darwin'
03-17 22:04:04 com_github_MitjaNemec_Archive3DModels.action_archive_3d_models 221:Plugin executed with python version: '3.9.13 (v3.9.13:6de2ca5339, May 17 2022, 11:37:23) \n[Clang 13.0.0 (clang-1300.0.29.30)]'
03-17 22:04:04 com_github_MitjaNemec_Archive3DModels.action_archive_3d_models 222:KiCad build version: 8.0.0
03-17 22:04:04 com_github_MitjaNemec_Archive3DModels.action_archive_3d_models 223:Plugin version: 1.0.11

03-17 22:04:04 com_github_MitjaNemec_Archive3DModels.action_archive_3d_models 228:Screen sizes: [wx.Size(1440, 900)]
03-17 22:04:04 com_github_MitjaNemec_Archive3DModels.action_archive_3d_models 235:Dialog size: wx.Size(213, 81)
03-17 22:04:04 com_github_MitjaNemec_Archive3DModels.action_archive_3d_models 237:Char size: 16
03-17 22:04:06 com_github_MitjaNemec_Archive3DModels.archive_3d_models 26:Starting to archive 3D models
03-17 22:04:06 com_github_MitjaNemec_Archive3DModels.archive_3d_models 47:Getting 3D models for footprint of: J4
03-17 22:04:06 com_github_MitjaNemec_Archive3DModels.archive_3d_models 58:Trying to copy: ${KICAD6_3DMODEL_DIR}/Connector_PinHeader_2.54mm.3dshapes/PinHeader_1x11_P2.54mm_Vertical.wrl
03-17 22:04:06 com_github_MitjaNemec_Archive3DModels.archive_3d_models 73:Can not find model defined with enviroment variable:
${KICAD6_3DMODEL_DIR}/Connector_PinHeader_2.54mm.3dshapes/PinHeader_1x11_P2.54mm_Vertical.wrl
03-17 22:04:06 com_github_MitjaNemec_Archive3DModels.archive_3d_models 134:Did not copy: ${KICAD6_3DMODEL_DIR}/Connector_PinHeader_2.54mm.3dshapes/PinHeader_1x11_P2.54mm_Vertical.wrl
03-17 22:04:06 com_github_MitjaNemec_Archive3DModels.archive_3d_models 138:Remapping: ${KICAD6_3DMODEL_DIR}/Connector_PinHeader_2.54mm.3dshapes/PinHeader_1x11_P2.54mm_Vertical.wrl
03-17 22:04:06 com_github_MitjaNemec_Archive3DModels.archive_3d_models 47:Getting 3D models for footprint of: R19
03-17 22:04:06 com_github_MitjaNemec_Archive3DModels.archive_3d_models 58:Trying to copy: ${KICAD6_3DMODEL_DIR}/Resistor_SMD.3dshapes/R_0805_2012Metric.wrl
03-17 22:04:06 com_github_MitjaNemec_Archive3DModels.archive_3d_models 73:Can not find model defined with enviroment variable:
${KICAD6_3DMODEL_DIR}/Resistor_SMD.3dshapes/R_0805_2012Metric.wrl
03-17 22:04:06 com_github_MitjaNemec_Archive3DModels.archive_3d_models 134:Did not copy: ${KICAD6_3DMODEL_DIR}/Resistor_SMD.3dshapes/R_0805_2012Metric.wrl
03-17 22:04:06 com_github_MitjaNemec_Archive3DModels.archive_3d_models 138:Remapping: ${KICAD6_3DMODEL_DIR}/Resistor_SMD.3dshapes/R_0805_2012Metric.wrl
03-17 22:04:06 com_github_MitjaNemec_Archive3DModels.archive_3d_models 47:Getting 3D models for footprint of: U7
03-17 22:04:06 com_github_MitjaNemec_Archive3DModels.archive_3d_models 58:Trying to copy: ${KICAD8_3DMODEL_DIR}/Package_TO_SOT_SMD.3dshapes/SOT-89-3.wrl
03-17 22:04:06 com_github_MitjaNemec_Archive3DModels.archive_3d_models 138:Remapping: ${KICAD8_3DMODEL_DIR}/Package_TO_SOT_SMD.3dshapes/SOT-89-3.wrl
03-17 22:04:06 com_github_MitjaNemec_Archive3DModels.archive_3d_models 47:Getting 3D models for footprint of: FB1
03-17 22:04:06 com_github_MitjaNemec_Archive3DModels.archive_3d_models 58:Trying to copy: ${KICAD6_3DMODEL_DIR}/Resistor_SMD.3dshapes/R_0603_1608Metric.wrl
03-17 22:04:06 com_github_MitjaNemec_Archive3DModels.archive_3d_models 73:Can not find model defined with enviroment variable:
${KICAD6_3DMODEL_DIR}/Resistor_SMD.3dshapes/R_0603_1608Metric.wrl
03-17 22:04:06 com_github_MitjaNemec_Archive3DModels.archive_3d_models 134:Did not copy: ${KICAD6_3DMODEL_DIR}/Resistor_SMD.3dshapes/R_0603_1608Metric.wrl
03-17 22:04:06 com_github_MitjaNemec_Archive3DModels.archive_3d_models 138:Remapping: ${KICAD6_3DMODEL_DIR}/Resistor_SMD.3dshapes/R_0603_1608Metric.wrl
03-17 22:04:06 com_github_MitjaNemec_Archive3DModels.archive_3d_models 47:Getting 3D models for footprint of: J10
03-17 22:04:06 com_github_MitjaNemec_Archive3DModels.archive_3d_models 58:Trying to copy: ${KICAD6_3DMODEL_DIR}/Connector_PinHeader_2.54mm.3dshapes/PinHeader_1x03_P2.54mm_Vertical.wrl
03-17 22:04:06 com_github_MitjaNemec_Archive3DModels.archive_3d_models 73:Can not find model defined with enviroment variable:
${KICAD6_3DMODEL_DIR}/Connector_PinHeader_2.54mm.3dshapes/PinHeader_1x03_P2.54mm_Vertical.wrl
03-17 22:04:06 com_github_MitjaNemec_Archive3DModels.archive_3d_models 134:Did not copy: ${KICAD6_3DMODEL_DIR}/Connector_PinHeader_2.54mm.3dshapes/PinHeader_1x03_P2.54mm_Vertical.wrl
03-17 22:04:06 com_github_MitjaNemec_Archive3DModels.archive_3d_models 138:Remapping: ${KICAD6_3DMODEL_DIR}/Connector_PinHeader_2.54mm.3dshapes/PinHeader_1x03_P2.54mm_Vertical.wrl
03-17 22:04:06 com_github_MitjaNemec_Archive3DModels.archive_3d_models 47:Getting 3D models for footprint of: R2
03-17 22:04:06 com_github_MitjaNemec_Archive3DModels.archive_3d_models 58:Trying to copy: ${KICAD6_3DMODEL_DIR}/Resistor_SMD.3dshapes/R_0805_2012Metric.wrl
03-17 22:04:06 com_github_MitjaNemec_Archive3DModels.archive_3d_models 73:Can not find model defined with enviroment variable:
${KICAD6_3DMODEL_DIR}/Resistor_SMD.3dshapes/R_0805_2012Metric.wrl
03-17 22:04:06 com_github_MitjaNemec_Archive3DModels.archive_3d_models 134:Did not copy: ${KICAD6_3DMODEL_DIR}/Resistor_SMD.3dshapes/R_0805_2012Metric.wrl
03-17 22:04:06 com_github_MitjaNemec_Archive3DModels.archive_3d_models 138:Remapping: ${KICAD6_3DMODEL_DIR}/Resistor_SMD.3dshapes/R_0805_2012Metric.wrl
03-17 22:04:06 com_github_MitjaNemec_Archive3DModels.archive_3d_models 47:Getting 3D models for footprint of: C8
03-17 22:04:06 com_github_MitjaNemec_Archive3DModels.archive_3d_models 58:Trying to copy: ${KICAD6_3DMODEL_DIR}/Capacitor_SMD.3dshapes/C_0805_2012Metric.wrl
03-17 22:04:06 com_github_MitjaNemec_Archive3DModels.archive_3d_models 73:Can not find model defined with enviroment variable:
${KICAD6_3DMODEL_DIR}/Capacitor_SMD.3dshapes/C_0805_2012Metric.wrl
03-17 22:04:06 com_github_MitjaNemec_Archive3DModels.archive_3d_models 134:Did not copy: ${KICAD6_3DMODEL_DIR}/Capacitor_SMD.3dshapes/C_0805_2012Metric.wrl
03-17 22:04:06 com_github_MitjaNemec_Archive3DModels.archive_3d_models 138:Remapping: ${KICAD6_3DMODEL_DIR}/Capacitor_SMD.3dshapes/C_0805_2012Metric.wrl
03-17 22:04:06 com_github_MitjaNemec_Archive3DModels.archive_3d_models 47:Getting 3D models for footprint of: R4
03-17 22:04:06 com_github_MitjaNemec_Archive3DModels.archive_3d_models 58:Trying to copy: ${KICAD6_3DMODEL_DIR}/Resistor_SMD.3dshapes/R_0805_2012Metric.wrl
03-17 22:04:06 com_github_MitjaNemec_Archive3DModels.archive_3d_models 73:Can not find model defined with enviroment variable:
${KICAD6_3DMODEL_DIR}/Resistor_SMD.3dshapes/R_0805_2012Metric.wrl
03-17 22:04:06 com_github_MitjaNemec_Archive3DModels.archive_3d_models 134:Did not copy: ${KICAD6_3DMODEL_DIR}/Resistor_SMD.3dshapes/R_0805_2012Metric.wrl
03-17 22:04:06 com_github_MitjaNemec_Archive3DModels.archive_3d_models 138:Remapping: ${KICAD6_3DMODEL_DIR}/Resistor_SMD.3dshapes/R_0805_2012Metric.wrl
03-17 22:04:06 com_github_MitjaNemec_Archive3DModels.archive_3d_models 47:Getting 3D models for footprint of: C4
03-17 22:04:06 com_github_MitjaNemec_Archive3DModels.archive_3d_models 58:Trying to copy: ${KICAD6_3DMODEL_DIR}/Capacitor_SMD.3dshapes/C_0805_2012Metric.wrl
03-17 22:04:06 com_github_MitjaNemec_Archive3DModels.archive_3d_models 73:Can not find model defined with enviroment variable:
${KICAD6_3DMODEL_DIR}/Capacitor_SMD.3dshapes/C_0805_2012Metric.wrl
03-17 22:04:06 com_github_MitjaNemec_Archive3DModels.archive_3d_models 134:Did not copy: ${KICAD6_3DMODEL_DIR}/Capacitor_SMD.3dshapes/C_0805_2012Metric.wrl
03-17 22:04:06 com_github_MitjaNemec_Archive3DModels.archive_3d_models 138:Remapping: ${KICAD6_3DMODEL_DIR}/Capacitor_SMD.3dshapes/C_0805_2012Metric.wrl
03-17 22:04:06 com_github_MitjaNemec_Archive3DModels.archive_3d_models 47:Getting 3D models for footprint of: SW5
03-17 22:04:06 com_github_MitjaNemec_Archive3DModels.archive_3d_models 58:Trying to copy: ${KICAD6_3DMODEL_DIR}/Button_Switch_SMD.3dshapes/SW_SPST_CK_RS282G05A3.wrl
03-17 22:04:06 com_github_MitjaNemec_Archive3DModels.archive_3d_models 73:Can not find model defined with enviroment variable:
${KICAD6_3DMODEL_DIR}/Button_Switch_SMD.3dshapes/SW_SPST_CK_RS282G05A3.wrl
03-17 22:04:06 com_github_MitjaNemec_Archive3DModels.archive_3d_models 134:Did not copy: ${KICAD6_3DMODEL_DIR}/Button_Switch_SMD.3dshapes/SW_SPST_CK_RS282G05A3.wrl
03-17 22:04:06 com_github_MitjaNemec_Archive3DModels.archive_3d_models 138:Remapping: ${KICAD6_3DMODEL_DIR}/Button_Switch_SMD.3dshapes/SW_SPST_CK_RS282G05A3.wrl
03-17 22:04:06 com_github_MitjaNemec_Archive3DModels.archive_3d_models 47:Getting 3D models for footprint of: R21
03-17 22:04:06 com_github_MitjaNemec_Archive3DModels.archive_3d_models 58:Trying to copy: ${KICAD6_3DMODEL_DIR}/Resistor_SMD.3dshapes/R_0805_2012Metric.wrl
03-17 22:04:06 com_github_MitjaNemec_Archive3DModels.archive_3d_models 73:Can not find model defined with enviroment variable:
${KICAD6_3DMODEL_DIR}/Resistor_SMD.3dshapes/R_0805_2012Metric.wrl
03-17 22:04:06 com_github_MitjaNemec_Archive3DModels.archive_3d_models 134:Did not copy: ${KICAD6_3DMODEL_DIR}/Resistor_SMD.3dshapes/R_0805_2012Metric.wrl
03-17 22:04:06 com_github_MitjaNemec_Archive3DModels.archive_3d_models 138:Remapping: ${KICAD6_3DMODEL_DIR}/Resistor_SMD.3dshapes/R_0805_2012Metric.wrl
03-17 22:04:06 com_github_MitjaNemec_Archive3DModels.archive_3d_models 47:Getting 3D models for footprint of: J6
03-17 22:04:06 com_github_MitjaNemec_Archive3DModels.archive_3d_models 58:Trying to copy: ${KICAD6_3DMODEL_DIR}/Connector_PinHeader_2.54mm.3dshapes/PinHeader_1x05_P2.54mm_Vertical.wrl
03-17 22:04:06 com_github_MitjaNemec_Archive3DModels.archive_3d_models 73:Can not find model defined with enviroment variable:
${KICAD6_3DMODEL_DIR}/Connector_PinHeader_2.54mm.3dshapes/PinHeader_1x05_P2.54mm_Vertical.wrl
03-17 22:04:06 com_github_MitjaNemec_Archive3DModels.archive_3d_models 134:Did not copy: ${KICAD6_3DMODEL_DIR}/Connector_PinHeader_2.54mm.3dshapes/PinHeader_1x05_P2.54mm_Vertical.wrl
03-17 22:04:06 com_github_MitjaNemec_Archive3DModels.archive_3d_models 138:Remapping: ${KICAD6_3DMODEL_DIR}/Connector_PinHeader_2.54mm.3dshapes/PinHeader_1x05_P2.54mm_Vertical.wrl
03-17 22:04:06 com_github_MitjaNemec_Archive3DModels.archive_3d_models 47:Getting 3D models for footprint of: C16
03-17 22:04:06 com_github_MitjaNemec_Archive3DModels.archive_3d_models 58:Trying to copy: ${KICAD8_3DMODEL_DIR}/Capacitor_SMD.3dshapes/C_0805_2012Metric.wrl
03-17 22:04:06 com_github_MitjaNemec_Archive3DModels.archive_3d_models 138:Remapping: ${KICAD8_3DMODEL_DIR}/Capacitor_SMD.3dshapes/C_0805_2012Metric.wrl
03-17 22:04:06 com_github_MitjaNemec_Archive3DModels.archive_3d_models 47:Getting 3D models for footprint of: Y2
03-17 22:04:06 com_github_MitjaNemec_Archive3DModels.archive_3d_models 58:Trying to copy: ${KICAD8_3DMODEL_DIR}/Crystal.3dshapes/Crystal_C26-LF_D2.1mm_L6.5mm_Horizontal.wrl
03-17 22:04:06 com_github_MitjaNemec_Archive3DModels.archive_3d_models 138:Remapping: ${KICAD8_3DMODEL_DIR}/Crystal.3dshapes/Crystal_C26-LF_D2.1mm_L6.5mm_Horizontal.wrl
03-17 22:04:06 com_github_MitjaNemec_Archive3DModels.archive_3d_models 47:Getting 3D models for footprint of: D4
03-17 22:04:06 com_github_MitjaNemec_Archive3DModels.archive_3d_models 58:Trying to copy: ${KICAD6_3DMODEL_DIR}/LED_SMD.3dshapes/LED_0805_2012Metric.wrl
03-17 22:04:06 com_github_MitjaNemec_Archive3DModels.archive_3d_models 73:Can not find model defined with enviroment variable:
${KICAD6_3DMODEL_DIR}/LED_SMD.3dshapes/LED_0805_2012Metric.wrl
03-17 22:04:06 com_github_MitjaNemec_Archive3DModels.archive_3d_models 134:Did not copy: ${KICAD6_3DMODEL_DIR}/LED_SMD.3dshapes/LED_0805_2012Metric.wrl
03-17 22:04:06 com_github_MitjaNemec_Archive3DModels.archive_3d_models 138:Remapping: ${KICAD6_3DMODEL_DIR}/LED_SMD.3dshapes/LED_0805_2012Metric.wrl
03-17 22:04:06 com_github_MitjaNemec_Archive3DModels.archive_3d_models 47:Getting 3D models for footprint of: C6
03-17 22:04:06 com_github_MitjaNemec_Archive3DModels.archive_3d_models 58:Trying to copy: ${KICAD6_3DMODEL_DIR}/Capacitor_SMD.3dshapes/C_0805_2012Metric.wrl
03-17 22:04:06 com_github_MitjaNemec_Archive3DModels.archive_3d_models 73:Can not find model defined with enviroment variable:
${KICAD6_3DMODEL_DIR}/Capacitor_SMD.3dshapes/C_0805_2012Metric.wrl
03-17 22:04:06 com_github_MitjaNemec_Archive3DModels.archive_3d_models 134:Did not copy: ${KICAD6_3DMODEL_DIR}/Capacitor_SMD.3dshapes/C_0805_2012Metric.wrl
03-17 22:04:06 com_github_MitjaNemec_Archive3DModels.archive_3d_models 138:Remapping: ${KICAD6_3DMODEL_DIR}/Capacitor_SMD.3dshapes/C_0805_2012Metric.wrl
03-17 22:04:06 com_github_MitjaNemec_Archive3DModels.archive_3d_models 47:Getting 3D models for footprint of: SW2
03-17 22:04:06 com_github_MitjaNemec_Archive3DModels.archive_3d_models 58:Trying to copy: ${KICAD6_3DMODEL_DIR}/Button_Switch_SMD.3dshapes/SW_SPDT_PCM12.wrl
03-17 22:04:06 com_github_MitjaNemec_Archive3DModels.archive_3d_models 73:Can not find model defined with enviroment variable:
${KICAD6_3DMODEL_DIR}/Button_Switch_SMD.3dshapes/SW_SPDT_PCM12.wrl
03-17 22:04:06 com_github_MitjaNemec_Archive3DModels.archive_3d_models 134:Did not copy: ${KICAD6_3DMODEL_DIR}/Button_Switch_SMD.3dshapes/SW_SPDT_PCM12.wrl
03-17 22:04:06 com_github_MitjaNemec_Archive3DModels.archive_3d_models 138:Remapping: ${KICAD6_3DMODEL_DIR}/Button_Switch_SMD.3dshapes/SW_SPDT_PCM12.wrl
03-17 22:04:06 com_github_MitjaNemec_Archive3DModels.archive_3d_models 47:Getting 3D models for footprint of: R18
03-17 22:04:06 com_github_MitjaNemec_Archive3DModels.archive_3d_models 58:Trying to copy: ${KICAD6_3DMODEL_DIR}/Resistor_SMD.3dshapes/R_0805_2012Metric.wrl
03-17 22:04:06 com_github_MitjaNemec_Archive3DModels.archive_3d_models 73:Can not find model defined with enviroment variable:
${KICAD6_3DMODEL_DIR}/Resistor_SMD.3dshapes/R_0805_2012Metric.wrl
03-17 22:04:06 com_github_MitjaNemec_Archive3DModels.archive_3d_models 134:Did not copy: ${KICAD6_3DMODEL_DIR}/Resistor_SMD.3dshapes/R_0805_2012Metric.wrl
03-17 22:04:06 com_github_MitjaNemec_Archive3DModels.archive_3d_models 138:Remapping: ${KICAD6_3DMODEL_DIR}/Resistor_SMD.3dshapes/R_0805_2012Metric.wrl
03-17 22:04:06 com_github_MitjaNemec_Archive3DModels.archive_3d_models 47:Getting 3D models for footprint of: C17
03-17 22:04:06 com_github_MitjaNemec_Archive3DModels.archive_3d_models 58:Trying to copy: ${KICAD6_3DMODEL_DIR}/Capacitor_SMD.3dshapes/C_0805_2012Metric.wrl
03-17 22:04:06 com_github_MitjaNemec_Archive3DModels.archive_3d_models 73:Can not find model defined with enviroment variable:
${KICAD6_3DMODEL_DIR}/Capacitor_SMD.3dshapes/C_0805_2012Metric.wrl
03-17 22:04:06 com_github_MitjaNemec_Archive3DModels.archive_3d_models 134:Did not copy: ${KICAD6_3DMODEL_DIR}/Capacitor_SMD.3dshapes/C_0805_2012Metric.wrl
03-17 22:04:06 com_github_MitjaNemec_Archive3DModels.archive_3d_models 138:Remapping: ${KICAD6_3DMODEL_DIR}/Capacitor_SMD.3dshapes/C_0805_2012Metric.wrl
03-17 22:04:06 com_github_MitjaNemec_Archive3DModels.archive_3d_models 47:Getting 3D models for footprint of: C21
03-17 22:04:06 com_github_MitjaNemec_Archive3DModels.archive_3d_models 58:Trying to copy: ${KICAD6_3DMODEL_DIR}/Capacitor_SMD.3dshapes/C_0805_2012Metric.wrl
03-17 22:04:06 com_github_MitjaNemec_Archive3DModels.archive_3d_models 73:Can not find model defined with enviroment variable:
${KICAD6_3DMODEL_DIR}/Capacitor_SMD.3dshapes/C_0805_2012Metric.wrl
03-17 22:04:06 com_github_MitjaNemec_Archive3DModels.archive_3d_models 134:Did not copy: ${KICAD6_3DMODEL_DIR}/Capacitor_SMD.3dshapes/C_0805_2012Metric.wrl
03-17 22:04:06 com_github_MitjaNemec_Archive3DModels.archive_3d_models 138:Remapping: ${KICAD6_3DMODEL_DIR}/Capacitor_SMD.3dshapes/C_0805_2012Metric.wrl
03-17 22:04:06 com_github_MitjaNemec_Archive3DModels.archive_3d_models 47:Getting 3D models for footprint of: JP5
03-17 22:04:06 com_github_MitjaNemec_Archive3DModels.archive_3d_models 47:Getting 3D models for footprint of: D3
03-17 22:04:06 com_github_MitjaNemec_Archive3DModels.archive_3d_models 58:Trying to copy: ${KICAD6_3DMODEL_DIR}/LED_SMD.3dshapes/LED_0805_2012Metric.wrl
03-17 22:04:06 com_github_MitjaNemec_Archive3DModels.archive_3d_models 73:Can not find model defined with enviroment variable:
${KICAD6_3DMODEL_DIR}/LED_SMD.3dshapes/LED_0805_2012Metric.wrl
03-17 22:04:06 com_github_MitjaNemec_Archive3DModels.archive_3d_models 134:Did not copy: ${KICAD6_3DMODEL_DIR}/LED_SMD.3dshapes/LED_0805_2012Metric.wrl
03-17 22:04:06 com_github_MitjaNemec_Archive3DModels.archive_3d_models 138:Remapping: ${KICAD6_3DMODEL_DIR}/LED_SMD.3dshapes/LED_0805_2012Metric.wrl
03-17 22:04:06 com_github_MitjaNemec_Archive3DModels.archive_3d_models 47:Getting 3D models for footprint of: C23
03-17 22:04:06 com_github_MitjaNemec_Archive3DModels.archive_3d_models 58:Trying to copy: ${KICAD6_3DMODEL_DIR}/Capacitor_SMD.3dshapes/C_0805_2012Metric.wrl
03-17 22:04:06 com_github_MitjaNemec_Archive3DModels.archive_3d_models 73:Can not find model defined with enviroment variable:
${KICAD6_3DMODEL_DIR}/Capacitor_SMD.3dshapes/C_0805_2012Metric.wrl
03-17 22:04:06 com_github_MitjaNemec_Archive3DModels.archive_3d_models 134:Did not copy: ${KICAD6_3DMODEL_DIR}/Capacitor_SMD.3dshapes/C_0805_2012Metric.wrl
03-17 22:04:06 com_github_MitjaNemec_Archive3DModels.archive_3d_models 138:Remapping: ${KICAD6_3DMODEL_DIR}/Capacitor_SMD.3dshapes/C_0805_2012Metric.wrl
03-17 22:04:06 com_github_MitjaNemec_Archive3DModels.archive_3d_models 47:Getting 3D models for footprint of: JP2
03-17 22:04:06 com_github_MitjaNemec_Archive3DModels.archive_3d_models 47:Getting 3D models for footprint of: U2
03-17 22:04:06 com_github_MitjaNemec_Archive3DModels.archive_3d_models 58:Trying to copy: /Users/Charlie/Downloads/User Library-MPU9250.step
03-17 22:04:06 com_github_MitjaNemec_Archive3DModels.archive_3d_models 138:Remapping: /Users/Charlie/Downloads/User Library-MPU9250.step
03-17 22:04:06 com_github_MitjaNemec_Archive3DModels.archive_3d_models 58:Trying to copy: ${KIPRJMOD}/packages3D/User Library-MPU9250.step
03-17 22:04:06 com_github_MitjaNemec_Archive3DModels.archive_3d_models 138:Remapping: ${KIPRJMOD}/packages3D/User Library-MPU9250.step
03-17 22:04:06 com_github_MitjaNemec_Archive3DModels.archive_3d_models 47:Getting 3D models for footprint of: C29
03-17 22:04:06 com_github_MitjaNemec_Archive3DModels.archive_3d_models 58:Trying to copy: ${KICAD6_3DMODEL_DIR}/Capacitor_SMD.3dshapes/C_0805_2012Metric.wrl
03-17 22:04:06 com_github_MitjaNemec_Archive3DModels.archive_3d_models 73:Can not find model defined with enviroment variable:
${KICAD6_3DMODEL_DIR}/Capacitor_SMD.3dshapes/C_0805_2012Metric.wrl
03-17 22:04:06 com_github_MitjaNemec_Archive3DModels.archive_3d_models 134:Did not copy: ${KICAD6_3DMODEL_DIR}/Capacitor_SMD.3dshapes/C_0805_2012Metric.wrl
03-17 22:04:06 com_github_MitjaNemec_Archive3DModels.archive_3d_models 138:Remapping: ${KICAD6_3DMODEL_DIR}/Capacitor_SMD.3dshapes/C_0805_2012Metric.wrl
03-17 22:04:06 com_github_MitjaNemec_Archive3DModels.archive_3d_models 47:Getting 3D models for footprint of: J9
03-17 22:04:06 com_github_MitjaNemec_Archive3DModels.archive_3d_models 58:Trying to copy: ${KICAD6_3DMODEL_DIR}/Connector_PinHeader_2.54mm.3dshapes/PinHeader_1x03_P2.54mm_Vertical.wrl
03-17 22:04:06 com_github_MitjaNemec_Archive3DModels.archive_3d_models 73:Can not find model defined with enviroment variable:
${KICAD6_3DMODEL_DIR}/Connector_PinHeader_2.54mm.3dshapes/PinHeader_1x03_P2.54mm_Vertical.wrl
03-17 22:04:06 com_github_MitjaNemec_Archive3DModels.archive_3d_models 134:Did not copy: ${KICAD6_3DMODEL_DIR}/Connector_PinHeader_2.54mm.3dshapes/PinHeader_1x03_P2.54mm_Vertical.wrl
03-17 22:04:06 com_github_MitjaNemec_Archive3DModels.archive_3d_models 138:Remapping: ${KICAD6_3DMODEL_DIR}/Connector_PinHeader_2.54mm.3dshapes/PinHeader_1x03_P2.54mm_Vertical.wrl
03-17 22:04:06 com_github_MitjaNemec_Archive3DModels.archive_3d_models 47:Getting 3D models for footprint of: C1
03-17 22:04:06 com_github_MitjaNemec_Archive3DModels.archive_3d_models 58:Trying to copy: ${KICAD6_3DMODEL_DIR}/Capacitor_SMD.3dshapes/C_0805_2012Metric.wrl
03-17 22:04:06 com_github_MitjaNemec_Archive3DModels.archive_3d_models 73:Can not find model defined with enviroment variable:
${KICAD6_3DMODEL_DIR}/Capacitor_SMD.3dshapes/C_0805_2012Metric.wrl
03-17 22:04:06 com_github_MitjaNemec_Archive3DModels.archive_3d_models 134:Did not copy: ${KICAD6_3DMODEL_DIR}/Capacitor_SMD.3dshapes/C_0805_2012Metric.wrl
03-17 22:04:06 com_github_MitjaNemec_Archive3DModels.archive_3d_models 138:Remapping: ${KICAD6_3DMODEL_DIR}/Capacitor_SMD.3dshapes/C_0805_2012Metric.wrl
03-17 22:04:06 com_github_MitjaNemec_Archive3DModels.archive_3d_models 47:Getting 3D models for footprint of: JP3
03-17 22:04:06 com_github_MitjaNemec_Archive3DModels.archive_3d_models 47:Getting 3D models for footprint of: U5
03-17 22:04:06 com_github_MitjaNemec_Archive3DModels.archive_3d_models 58:Trying to copy: ${KICAD8_3DMODEL_DIR}/Crystal.3dshapes/Crystal_SMD_Abracon_ABM8AIG-4Pin_3.2x2.5mm.wrl
03-17 22:04:06 com_github_MitjaNemec_Archive3DModels.archive_3d_models 134:Did not copy: ${KICAD8_3DMODEL_DIR}/Crystal.3dshapes/Crystal_SMD_Abracon_ABM8AIG-4Pin_3.2x2.5mm.wrl
03-17 22:04:06 com_github_MitjaNemec_Archive3DModels.archive_3d_models 138:Remapping: ${KICAD8_3DMODEL_DIR}/Crystal.3dshapes/Crystal_SMD_Abracon_ABM8AIG-4Pin_3.2x2.5mm.wrl
03-17 22:04:06 com_github_MitjaNemec_Archive3DModels.archive_3d_models 47:Getting 3D models for footprint of: L1
03-17 22:04:06 com_github_MitjaNemec_Archive3DModels.archive_3d_models 58:Trying to copy: ${KICAD6_3DMODEL_DIR}/Inductor_SMD.3dshapes/L_0805_2012Metric.wrl
03-17 22:04:06 com_github_MitjaNemec_Archive3DModels.archive_3d_models 73:Can not find model defined with enviroment variable:
${KICAD6_3DMODEL_DIR}/Inductor_SMD.3dshapes/L_0805_2012Metric.wrl
03-17 22:04:06 com_github_MitjaNemec_Archive3DModels.archive_3d_models 134:Did not copy: ${KICAD6_3DMODEL_DIR}/Inductor_SMD.3dshapes/L_0805_2012Metric.wrl
03-17 22:04:06 com_github_MitjaNemec_Archive3DModels.archive_3d_models 138:Remapping: ${KICAD6_3DMODEL_DIR}/Inductor_SMD.3dshapes/L_0805_2012Metric.wrl
03-17 22:04:06 com_github_MitjaNemec_Archive3DModels.archive_3d_models 47:Getting 3D models for footprint of: C11
03-17 22:04:06 com_github_MitjaNemec_Archive3DModels.archive_3d_models 58:Trying to copy: ${KICAD6_3DMODEL_DIR}/Capacitor_SMD.3dshapes/C_0805_2012Metric.wrl
03-17 22:04:06 com_github_MitjaNemec_Archive3DModels.archive_3d_models 73:Can not find model defined with enviroment variable:
${KICAD6_3DMODEL_DIR}/Capacitor_SMD.3dshapes/C_0805_2012Metric.wrl
03-17 22:04:06 com_github_MitjaNemec_Archive3DModels.archive_3d_models 134:Did not copy: ${KICAD6_3DMODEL_DIR}/Capacitor_SMD.3dshapes/C_0805_2012Metric.wrl
03-17 22:04:06 com_github_MitjaNemec_Archive3DModels.archive_3d_models 138:Remapping: ${KICAD6_3DMODEL_DIR}/Capacitor_SMD.3dshapes/C_0805_2012Metric.wrl
03-17 22:04:06 com_github_MitjaNemec_Archive3DModels.archive_3d_models 47:Getting 3D models for footprint of: C13
03-17 22:04:06 com_github_MitjaNemec_Archive3DModels.archive_3d_models 58:Trying to copy: ${KICAD8_3DMODEL_DIR}/Capacitor_SMD.3dshapes/C_0805_2012Metric.wrl
03-17 22:04:06 com_github_MitjaNemec_Archive3DModels.archive_3d_models 138:Remapping: ${KICAD8_3DMODEL_DIR}/Capacitor_SMD.3dshapes/C_0805_2012Metric.wrl
03-17 22:04:06 com_github_MitjaNemec_Archive3DModels.archive_3d_models 47:Getting 3D models for footprint of: R7
03-17 22:04:06 com_github_MitjaNemec_Archive3DModels.archive_3d_models 58:Trying to copy: ${KICAD6_3DMODEL_DIR}/Resistor_SMD.3dshapes/R_0805_2012Metric.wrl
03-17 22:04:06 com_github_MitjaNemec_Archive3DModels.archive_3d_models 73:Can not find model defined with enviroment variable:
${KICAD6_3DMODEL_DIR}/Resistor_SMD.3dshapes/R_0805_2012Metric.wrl
03-17 22:04:06 com_github_MitjaNemec_Archive3DModels.archive_3d_models 134:Did not copy: ${KICAD6_3DMODEL_DIR}/Resistor_SMD.3dshapes/R_0805_2012Metric.wrl
03-17 22:04:06 com_github_MitjaNemec_Archive3DModels.archive_3d_models 138:Remapping: ${KICAD6_3DMODEL_DIR}/Resistor_SMD.3dshapes/R_0805_2012Metric.wrl
03-17 22:04:06 com_github_MitjaNemec_Archive3DModels.archive_3d_models 47:Getting 3D models for footprint of: D2
03-17 22:04:06 com_github_MitjaNemec_Archive3DModels.archive_3d_models 58:Trying to copy: ${KICAD6_3DMODEL_DIR}/LED_SMD.3dshapes/LED_0805_2012Metric.wrl
03-17 22:04:06 com_github_MitjaNemec_Archive3DModels.archive_3d_models 73:Can not find model defined with enviroment variable:
${KICAD6_3DMODEL_DIR}/LED_SMD.3dshapes/LED_0805_2012Metric.wrl
03-17 22:04:06 com_github_MitjaNemec_Archive3DModels.archive_3d_models 134:Did not copy: ${KICAD6_3DMODEL_DIR}/LED_SMD.3dshapes/LED_0805_2012Metric.wrl
03-17 22:04:06 com_github_MitjaNemec_Archive3DModels.archive_3d_models 138:Remapping: ${KICAD6_3DMODEL_DIR}/LED_SMD.3dshapes/LED_0805_2012Metric.wrl
03-17 22:04:06 com_github_MitjaNemec_Archive3DModels.archive_3d_models 47:Getting 3D models for footprint of: C7
03-17 22:04:06 com_github_MitjaNemec_Archive3DModels.archive_3d_models 58:Trying to copy: ${KICAD6_3DMODEL_DIR}/Capacitor_SMD.3dshapes/C_0805_2012Metric.wrl
03-17 22:04:06 com_github_MitjaNemec_Archive3DModels.archive_3d_models 73:Can not find model defined with enviroment variable:
${KICAD6_3DMODEL_DIR}/Capacitor_SMD.3dshapes/C_0805_2012Metric.wrl
03-17 22:04:06 com_github_MitjaNemec_Archive3DModels.archive_3d_models 134:Did not copy: ${KICAD6_3DMODEL_DIR}/Capacitor_SMD.3dshapes/C_0805_2012Metric.wrl
03-17 22:04:06 com_github_MitjaNemec_Archive3DModels.archive_3d_models 138:Remapping: ${KICAD6_3DMODEL_DIR}/Capacitor_SMD.3dshapes/C_0805_2012Metric.wrl
03-17 22:04:06 com_github_MitjaNemec_Archive3DModels.archive_3d_models 47:Getting 3D models for footprint of: C20
03-17 22:04:06 com_github_MitjaNemec_Archive3DModels.archive_3d_models 58:Trying to copy: ${KICAD6_3DMODEL_DIR}/Capacitor_SMD.3dshapes/C_0805_2012Metric.wrl
03-17 22:04:06 com_github_MitjaNemec_Archive3DModels.archive_3d_models 73:Can not find model defined with enviroment variable:
${KICAD6_3DMODEL_DIR}/Capacitor_SMD.3dshapes/C_0805_2012Metric.wrl
03-17 22:04:06 com_github_MitjaNemec_Archive3DModels.archive_3d_models 134:Did not copy: ${KICAD6_3DMODEL_DIR}/Capacitor_SMD.3dshapes/C_0805_2012Metric.wrl
03-17 22:04:06 com_github_MitjaNemec_Archive3DModels.archive_3d_models 138:Remapping: ${KICAD6_3DMODEL_DIR}/Capacitor_SMD.3dshapes/C_0805_2012Metric.wrl
03-17 22:04:06 com_github_MitjaNemec_Archive3DModels.archive_3d_models 47:Getting 3D models for footprint of: C14
03-17 22:04:06 com_github_MitjaNemec_Archive3DModels.archive_3d_models 58:Trying to copy: ${KICAD8_3DMODEL_DIR}/Capacitor_SMD.3dshapes/C_0805_2012Metric.wrl
03-17 22:04:06 com_github_MitjaNemec_Archive3DModels.archive_3d_models 138:Remapping: ${KICAD8_3DMODEL_DIR}/Capacitor_SMD.3dshapes/C_0805_2012Metric.wrl
03-17 22:04:06 com_github_MitjaNemec_Archive3DModels.archive_3d_models 47:Getting 3D models for footprint of: J1
03-17 22:04:06 com_github_MitjaNemec_Archive3DModels.archive_3d_models 58:Trying to copy: ${KICAD6_3DMODEL_DIR}/Connector_PinHeader_2.54mm.3dshapes/PinHeader_1x04_P2.54mm_Vertical.wrl
03-17 22:04:06 com_github_MitjaNemec_Archive3DModels.archive_3d_models 73:Can not find model defined with enviroment variable:
${KICAD6_3DMODEL_DIR}/Connector_PinHeader_2.54mm.3dshapes/PinHeader_1x04_P2.54mm_Vertical.wrl
03-17 22:04:06 com_github_MitjaNemec_Archive3DModels.archive_3d_models 134:Did not copy: ${KICAD6_3DMODEL_DIR}/Connector_PinHeader_2.54mm.3dshapes/PinHeader_1x04_P2.54mm_Vertical.wrl
03-17 22:04:06 com_github_MitjaNemec_Archive3DModels.archive_3d_models 138:Remapping: ${KICAD6_3DMODEL_DIR}/Connector_PinHeader_2.54mm.3dshapes/PinHeader_1x04_P2.54mm_Vertical.wrl
03-17 22:04:06 com_github_MitjaNemec_Archive3DModels.archive_3d_models 47:Getting 3D models for footprint of: Q4
03-17 22:04:06 com_github_MitjaNemec_Archive3DModels.archive_3d_models 58:Trying to copy: ${KICAD8_3DMODEL_DIR}/Package_TO_SOT_SMD.3dshapes/SC-59.wrl
03-17 22:04:06 com_github_MitjaNemec_Archive3DModels.archive_3d_models 138:Remapping: ${KICAD8_3DMODEL_DIR}/Package_TO_SOT_SMD.3dshapes/SC-59.wrl
03-17 22:04:06 com_github_MitjaNemec_Archive3DModels.archive_3d_models 47:Getting 3D models for footprint of: U3
03-17 22:04:06 com_github_MitjaNemec_Archive3DModels.archive_3d_models 58:Trying to copy: ${KICAD6_3DMODEL_DIR}/Package_QFP.3dshapes/TQFP-32_7x7mm_P0.8mm.wrl
03-17 22:04:06 com_github_MitjaNemec_Archive3DModels.archive_3d_models 73:Can not find model defined with enviroment variable:
${KICAD6_3DMODEL_DIR}/Package_QFP.3dshapes/TQFP-32_7x7mm_P0.8mm.wrl
03-17 22:04:06 com_github_MitjaNemec_Archive3DModels.archive_3d_models 134:Did not copy: ${KICAD6_3DMODEL_DIR}/Package_QFP.3dshapes/TQFP-32_7x7mm_P0.8mm.wrl
03-17 22:04:06 com_github_MitjaNemec_Archive3DModels.archive_3d_models 138:Remapping: ${KICAD6_3DMODEL_DIR}/Package_QFP.3dshapes/TQFP-32_7x7mm_P0.8mm.wrl
03-17 22:04:06 com_github_MitjaNemec_Archive3DModels.archive_3d_models 47:Getting 3D models for footprint of: U6
03-17 22:04:06 com_github_MitjaNemec_Archive3DModels.archive_3d_models 58:Trying to copy: ${KICAD6_3DMODEL_DIR}/Package_QFP.3dshapes/TQFP-48_7x7mm_P0.5mm.wrl
03-17 22:04:06 com_github_MitjaNemec_Archive3DModels.archive_3d_models 73:Can not find model defined with enviroment variable:
${KICAD6_3DMODEL_DIR}/Package_QFP.3dshapes/TQFP-48_7x7mm_P0.5mm.wrl
03-17 22:04:06 com_github_MitjaNemec_Archive3DModels.archive_3d_models 134:Did not copy: ${KICAD6_3DMODEL_DIR}/Package_QFP.3dshapes/TQFP-48_7x7mm_P0.5mm.wrl
03-17 22:04:06 com_github_MitjaNemec_Archive3DModels.archive_3d_models 138:Remapping: ${KICAD6_3DMODEL_DIR}/Package_QFP.3dshapes/TQFP-48_7x7mm_P0.5mm.wrl
03-17 22:04:06 com_github_MitjaNemec_Archive3DModels.archive_3d_models 47:Getting 3D models for footprint of: H1
03-17 22:04:06 com_github_MitjaNemec_Archive3DModels.archive_3d_models 47:Getting 3D models for footprint of: R12
03-17 22:04:06 com_github_MitjaNemec_Archive3DModels.archive_3d_models 58:Trying to copy: ${KICAD8_3DMODEL_DIR}/Resistor_SMD.3dshapes/R_0805_2012Metric.wrl
03-17 22:04:06 com_github_MitjaNemec_Archive3DModels.archive_3d_models 138:Remapping: ${KICAD8_3DMODEL_DIR}/Resistor_SMD.3dshapes/R_0805_2012Metric.wrl
03-17 22:04:06 com_github_MitjaNemec_Archive3DModels.archive_3d_models 47:Getting 3D models for footprint of: C3
03-17 22:04:06 com_github_MitjaNemec_Archive3DModels.archive_3d_models 58:Trying to copy: ${KICAD6_3DMODEL_DIR}/Capacitor_SMD.3dshapes/C_0805_2012Metric.wrl
03-17 22:04:06 com_github_MitjaNemec_Archive3DModels.archive_3d_models 73:Can not find model defined with enviroment variable:
${KICAD6_3DMODEL_DIR}/Capacitor_SMD.3dshapes/C_0805_2012Metric.wrl
03-17 22:04:06 com_github_MitjaNemec_Archive3DModels.archive_3d_models 134:Did not copy: ${KICAD6_3DMODEL_DIR}/Capacitor_SMD.3dshapes/C_0805_2012Metric.wrl
03-17 22:04:06 com_github_MitjaNemec_Archive3DModels.archive_3d_models 138:Remapping: ${KICAD6_3DMODEL_DIR}/Capacitor_SMD.3dshapes/C_0805_2012Metric.wrl
03-17 22:04:06 com_github_MitjaNemec_Archive3DModels.archive_3d_models 47:Getting 3D models for footprint of: R8
03-17 22:04:06 com_github_MitjaNemec_Archive3DModels.archive_3d_models 58:Trying to copy: ${KICAD6_3DMODEL_DIR}/Resistor_SMD.3dshapes/R_0805_2012Metric.wrl
03-17 22:04:06 com_github_MitjaNemec_Archive3DModels.archive_3d_models 73:Can not find model defined with enviroment variable:
${KICAD6_3DMODEL_DIR}/Resistor_SMD.3dshapes/R_0805_2012Metric.wrl
03-17 22:04:06 com_github_MitjaNemec_Archive3DModels.archive_3d_models 134:Did not copy: ${KICAD6_3DMODEL_DIR}/Resistor_SMD.3dshapes/R_0805_2012Metric.wrl
03-17 22:04:06 com_github_MitjaNemec_Archive3DModels.archive_3d_models 138:Remapping: ${KICAD6_3DMODEL_DIR}/Resistor_SMD.3dshapes/R_0805_2012Metric.wrl
03-17 22:04:06 com_github_MitjaNemec_Archive3DModels.archive_3d_models 47:Getting 3D models for footprint of: JP1
03-17 22:04:06 com_github_MitjaNemec_Archive3DModels.archive_3d_models 47:Getting 3D models for footprint of: R15
03-17 22:04:06 com_github_MitjaNemec_Archive3DModels.archive_3d_models 58:Trying to copy: ${KICAD6_3DMODEL_DIR}/Resistor_SMD.3dshapes/R_0805_2012Metric.wrl
03-17 22:04:06 com_github_MitjaNemec_Archive3DModels.archive_3d_models 73:Can not find model defined with enviroment variable:
${KICAD6_3DMODEL_DIR}/Resistor_SMD.3dshapes/R_0805_2012Metric.wrl
03-17 22:04:06 com_github_MitjaNemec_Archive3DModels.archive_3d_models 134:Did not copy: ${KICAD6_3DMODEL_DIR}/Resistor_SMD.3dshapes/R_0805_2012Metric.wrl
03-17 22:04:06 com_github_MitjaNemec_Archive3DModels.archive_3d_models 138:Remapping: ${KICAD6_3DMODEL_DIR}/Resistor_SMD.3dshapes/R_0805_2012Metric.wrl
03-17 22:04:06 com_github_MitjaNemec_Archive3DModels.archive_3d_models 47:Getting 3D models for footprint of: R22
03-17 22:04:06 com_github_MitjaNemec_Archive3DModels.archive_3d_models 58:Trying to copy: ${KICAD6_3DMODEL_DIR}/Resistor_SMD.3dshapes/R_0805_2012Metric.wrl
03-17 22:04:06 com_github_MitjaNemec_Archive3DModels.archive_3d_models 73:Can not find model defined with enviroment variable:
${KICAD6_3DMODEL_DIR}/Resistor_SMD.3dshapes/R_0805_2012Metric.wrl
03-17 22:04:06 com_github_MitjaNemec_Archive3DModels.archive_3d_models 134:Did not copy: ${KICAD6_3DMODEL_DIR}/Resistor_SMD.3dshapes/R_0805_2012Metric.wrl
03-17 22:04:06 com_github_MitjaNemec_Archive3DModels.archive_3d_models 138:Remapping: ${KICAD6_3DMODEL_DIR}/Resistor_SMD.3dshapes/R_0805_2012Metric.wrl
03-17 22:04:06 com_github_MitjaNemec_Archive3DModels.archive_3d_models 47:Getting 3D models for footprint of: C24
03-17 22:04:06 com_github_MitjaNemec_Archive3DModels.archive_3d_models 58:Trying to copy: ${KICAD6_3DMODEL_DIR}/Capacitor_SMD.3dshapes/C_0805_2012Metric.wrl
03-17 22:04:06 com_github_MitjaNemec_Archive3DModels.archive_3d_models 73:Can not find model defined with enviroment variable:
${KICAD6_3DMODEL_DIR}/Capacitor_SMD.3dshapes/C_0805_2012Metric.wrl
03-17 22:04:06 com_github_MitjaNemec_Archive3DModels.archive_3d_models 134:Did not copy: ${KICAD6_3DMODEL_DIR}/Capacitor_SMD.3dshapes/C_0805_2012Metric.wrl
03-17 22:04:06 com_github_MitjaNemec_Archive3DModels.archive_3d_models 138:Remapping: ${KICAD6_3DMODEL_DIR}/Capacitor_SMD.3dshapes/C_0805_2012Metric.wrl
03-17 22:04:06 com_github_MitjaNemec_Archive3DModels.archive_3d_models 47:Getting 3D models for footprint of: C5
03-17 22:04:06 com_github_MitjaNemec_Archive3DModels.archive_3d_models 58:Trying to copy: ${KICAD6_3DMODEL_DIR}/Capacitor_SMD.3dshapes/C_0805_2012Metric.wrl
03-17 22:04:06 com_github_MitjaNemec_Archive3DModels.archive_3d_models 73:Can not find model defined with enviroment variable:
${KICAD6_3DMODEL_DIR}/Capacitor_SMD.3dshapes/C_0805_2012Metric.wrl
03-17 22:04:06 com_github_MitjaNemec_Archive3DModels.archive_3d_models 134:Did not copy: ${KICAD6_3DMODEL_DIR}/Capacitor_SMD.3dshapes/C_0805_2012Metric.wrl
03-17 22:04:06 com_github_MitjaNemec_Archive3DModels.archive_3d_models 138:Remapping: ${KICAD6_3DMODEL_DIR}/Capacitor_SMD.3dshapes/C_0805_2012Metric.wrl
03-17 22:04:06 com_github_MitjaNemec_Archive3DModels.archive_3d_models 47:Getting 3D models for footprint of: J7
03-17 22:04:06 com_github_MitjaNemec_Archive3DModels.archive_3d_models 58:Trying to copy: ${KICAD6_3DMODEL_DIR}/Connector_PinHeader_2.54mm.3dshapes/PinHeader_1x05_P2.54mm_Vertical.wrl
03-17 22:04:06 com_github_MitjaNemec_Archive3DModels.archive_3d_models 73:Can not find model defined with enviroment variable:
${KICAD6_3DMODEL_DIR}/Connector_PinHeader_2.54mm.3dshapes/PinHeader_1x05_P2.54mm_Vertical.wrl
03-17 22:04:06 com_github_MitjaNemec_Archive3DModels.archive_3d_models 134:Did not copy: ${KICAD6_3DMODEL_DIR}/Connector_PinHeader_2.54mm.3dshapes/PinHeader_1x05_P2.54mm_Vertical.wrl
03-17 22:04:06 com_github_MitjaNemec_Archive3DModels.archive_3d_models 138:Remapping: ${KICAD6_3DMODEL_DIR}/Connector_PinHeader_2.54mm.3dshapes/PinHeader_1x05_P2.54mm_Vertical.wrl
03-17 22:04:06 com_github_MitjaNemec_Archive3DModels.archive_3d_models 47:Getting 3D models for footprint of: Q1
03-17 22:04:06 com_github_MitjaNemec_Archive3DModels.archive_3d_models 58:Trying to copy: ${KICAD8_3DMODEL_DIR}/Package_TO_SOT_SMD.3dshapes/SOT-23-3.wrl
03-17 22:04:06 com_github_MitjaNemec_Archive3DModels.archive_3d_models 134:Did not copy: ${KICAD8_3DMODEL_DIR}/Package_TO_SOT_SMD.3dshapes/SOT-23-3.wrl
03-17 22:04:06 com_github_MitjaNemec_Archive3DModels.archive_3d_models 138:Remapping: ${KICAD8_3DMODEL_DIR}/Package_TO_SOT_SMD.3dshapes/SOT-23-3.wrl
03-17 22:04:06 com_github_MitjaNemec_Archive3DModels.archive_3d_models 47:Getting 3D models for footprint of: R1
03-17 22:04:06 com_github_MitjaNemec_Archive3DModels.archive_3d_models 58:Trying to copy: ${KICAD6_3DMODEL_DIR}/Resistor_SMD.3dshapes/R_0805_2012Metric.wrl
03-17 22:04:06 com_github_MitjaNemec_Archive3DModels.archive_3d_models 73:Can not find model defined with enviroment variable:
${KICAD6_3DMODEL_DIR}/Resistor_SMD.3dshapes/R_0805_2012Metric.wrl
03-17 22:04:06 com_github_MitjaNemec_Archive3DModels.archive_3d_models 134:Did not copy: ${KICAD6_3DMODEL_DIR}/Resistor_SMD.3dshapes/R_0805_2012Metric.wrl
03-17 22:04:06 com_github_MitjaNemec_Archive3DModels.archive_3d_models 138:Remapping: ${KICAD6_3DMODEL_DIR}/Resistor_SMD.3dshapes/R_0805_2012Metric.wrl
03-17 22:04:06 com_github_MitjaNemec_Archive3DModels.archive_3d_models 47:Getting 3D models for footprint of: J2
03-17 22:04:06 com_github_MitjaNemec_Archive3DModels.archive_3d_models 58:Trying to copy: ${KICAD6_3DMODEL_DIR}/Connector_PinHeader_2.54mm.3dshapes/PinHeader_2x03_P2.54mm_Vertical.wrl
03-17 22:04:06 com_github_MitjaNemec_Archive3DModels.archive_3d_models 73:Can not find model defined with enviroment variable:
${KICAD6_3DMODEL_DIR}/Connector_PinHeader_2.54mm.3dshapes/PinHeader_2x03_P2.54mm_Vertical.wrl
03-17 22:04:06 com_github_MitjaNemec_Archive3DModels.archive_3d_models 134:Did not copy: ${KICAD6_3DMODEL_DIR}/Connector_PinHeader_2.54mm.3dshapes/PinHeader_2x03_P2.54mm_Vertical.wrl
03-17 22:04:06 com_github_MitjaNemec_Archive3DModels.archive_3d_models 138:Remapping: ${KICAD6_3DMODEL_DIR}/Connector_PinHeader_2.54mm.3dshapes/PinHeader_2x03_P2.54mm_Vertical.wrl
03-17 22:04:06 com_github_MitjaNemec_Archive3DModels.archive_3d_models 47:Getting 3D models for footprint of: R13
03-17 22:04:06 com_github_MitjaNemec_Archive3DModels.archive_3d_models 58:Trying to copy: ${KICAD6_3DMODEL_DIR}/Resistor_SMD.3dshapes/R_0805_2012Metric.wrl
03-17 22:04:06 com_github_MitjaNemec_Archive3DModels.archive_3d_models 73:Can not find model defined with enviroment variable:
${KICAD6_3DMODEL_DIR}/Resistor_SMD.3dshapes/R_0805_2012Metric.wrl
03-17 22:04:06 com_github_MitjaNemec_Archive3DModels.archive_3d_models 134:Did not copy: ${KICAD6_3DMODEL_DIR}/Resistor_SMD.3dshapes/R_0805_2012Metric.wrl
03-17 22:04:06 com_github_MitjaNemec_Archive3DModels.archive_3d_models 138:Remapping: ${KICAD6_3DMODEL_DIR}/Resistor_SMD.3dshapes/R_0805_2012Metric.wrl
03-17 22:04:06 com_github_MitjaNemec_Archive3DModels.archive_3d_models 47:Getting 3D models for footprint of: J5
03-17 22:04:06 com_github_MitjaNemec_Archive3DModels.archive_3d_models 58:Trying to copy: ${KICAD7_3DMODEL_DIR}/Connector_USB.3dshapes/USB_C_Receptacle_GCT_USB4105-xx-A_16P_TopMnt_Horizontal.wrl
03-17 22:04:06 com_github_MitjaNemec_Archive3DModels.archive_3d_models 73:Can not find model defined with enviroment variable:
${KICAD7_3DMODEL_DIR}/Connector_USB.3dshapes/USB_C_Receptacle_GCT_USB4105-xx-A_16P_TopMnt_Horizontal.wrl
03-17 22:04:06 com_github_MitjaNemec_Archive3DModels.archive_3d_models 134:Did not copy: ${KICAD7_3DMODEL_DIR}/Connector_USB.3dshapes/USB_C_Receptacle_GCT_USB4105-xx-A_16P_TopMnt_Horizontal.wrl
03-17 22:04:06 com_github_MitjaNemec_Archive3DModels.archive_3d_models 138:Remapping: ${KICAD7_3DMODEL_DIR}/Connector_USB.3dshapes/USB_C_Receptacle_GCT_USB4105-xx-A_16P_TopMnt_Horizontal.wrl
03-17 22:04:06 com_github_MitjaNemec_Archive3DModels.archive_3d_models 47:Getting 3D models for footprint of: C26
03-17 22:04:06 com_github_MitjaNemec_Archive3DModels.archive_3d_models 58:Trying to copy: ${KICAD6_3DMODEL_DIR}/Capacitor_SMD.3dshapes/C_0805_2012Metric.wrl
03-17 22:04:06 com_github_MitjaNemec_Archive3DModels.archive_3d_models 73:Can not find model defined with enviroment variable:
${KICAD6_3DMODEL_DIR}/Capacitor_SMD.3dshapes/C_0805_2012Metric.wrl
03-17 22:04:06 com_github_MitjaNemec_Archive3DModels.archive_3d_models 134:Did not copy: ${KICAD6_3DMODEL_DIR}/Capacitor_SMD.3dshapes/C_0805_2012Metric.wrl
03-17 22:04:06 com_github_MitjaNemec_Archive3DModels.archive_3d_models 138:Remapping: ${KICAD6_3DMODEL_DIR}/Capacitor_SMD.3dshapes/C_0805_2012Metric.wrl
03-17 22:04:06 com_github_MitjaNemec_Archive3DModels.archive_3d_models 47:Getting 3D models for footprint of: R16
03-17 22:04:06 com_github_MitjaNemec_Archive3DModels.archive_3d_models 58:Trying to copy: ${KICAD6_3DMODEL_DIR}/Resistor_SMD.3dshapes/R_0805_2012Metric.wrl
03-17 22:04:06 com_github_MitjaNemec_Archive3DModels.archive_3d_models 73:Can not find model defined with enviroment variable:
${KICAD6_3DMODEL_DIR}/Resistor_SMD.3dshapes/R_0805_2012Metric.wrl
03-17 22:04:06 com_github_MitjaNemec_Archive3DModels.archive_3d_models 134:Did not copy: ${KICAD6_3DMODEL_DIR}/Resistor_SMD.3dshapes/R_0805_2012Metric.wrl
03-17 22:04:06 com_github_MitjaNemec_Archive3DModels.archive_3d_models 138:Remapping: ${KICAD6_3DMODEL_DIR}/Resistor_SMD.3dshapes/R_0805_2012Metric.wrl
03-17 22:04:06 com_github_MitjaNemec_Archive3DModels.archive_3d_models 47:Getting 3D models for footprint of: Q3
03-17 22:04:06 com_github_MitjaNemec_Archive3DModels.archive_3d_models 58:Trying to copy: ${KICAD8_3DMODEL_DIR}/Package_TO_SOT_SMD.3dshapes/SOT-23-3.wrl
03-17 22:04:06 com_github_MitjaNemec_Archive3DModels.archive_3d_models 134:Did not copy: ${KICAD8_3DMODEL_DIR}/Package_TO_SOT_SMD.3dshapes/SOT-23-3.wrl
03-17 22:04:06 com_github_MitjaNemec_Archive3DModels.archive_3d_models 138:Remapping: ${KICAD8_3DMODEL_DIR}/Package_TO_SOT_SMD.3dshapes/SOT-23-3.wrl
03-17 22:04:06 com_github_MitjaNemec_Archive3DModels.archive_3d_models 47:Getting 3D models for footprint of: C31
03-17 22:04:06 com_github_MitjaNemec_Archive3DModels.archive_3d_models 58:Trying to copy: ${KICAD8_3DMODEL_DIR}/Capacitor_Tantalum_SMD.3dshapes/CP_EIA-3528-21_Kemet-B.wrl
03-17 22:04:06 com_github_MitjaNemec_Archive3DModels.archive_3d_models 138:Remapping: ${KICAD8_3DMODEL_DIR}/Capacitor_Tantalum_SMD.3dshapes/CP_EIA-3528-21_Kemet-B.wrl
03-17 22:04:06 com_github_MitjaNemec_Archive3DModels.archive_3d_models 47:Getting 3D models for footprint of: C12
03-17 22:04:06 com_github_MitjaNemec_Archive3DModels.archive_3d_models 58:Trying to copy: ${KICAD6_3DMODEL_DIR}/Capacitor_SMD.3dshapes/C_0805_2012Metric.wrl
03-17 22:04:06 com_github_MitjaNemec_Archive3DModels.archive_3d_models 73:Can not find model defined with enviroment variable:
${KICAD6_3DMODEL_DIR}/Capacitor_SMD.3dshapes/C_0805_2012Metric.wrl
03-17 22:04:06 com_github_MitjaNemec_Archive3DModels.archive_3d_models 134:Did not copy: ${KICAD6_3DMODEL_DIR}/Capacitor_SMD.3dshapes/C_0805_2012Metric.wrl
03-17 22:04:06 com_github_MitjaNemec_Archive3DModels.archive_3d_models 138:Remapping: ${KICAD6_3DMODEL_DIR}/Capacitor_SMD.3dshapes/C_0805_2012Metric.wrl
03-17 22:04:06 com_github_MitjaNemec_Archive3DModels.archive_3d_models 47:Getting 3D models for footprint of: C2
03-17 22:04:06 com_github_MitjaNemec_Archive3DModels.archive_3d_models 58:Trying to copy: ${KICAD6_3DMODEL_DIR}/Capacitor_SMD.3dshapes/C_0805_2012Metric.wrl
03-17 22:04:06 com_github_MitjaNemec_Archive3DModels.archive_3d_models 73:Can not find model defined with enviroment variable:
${KICAD6_3DMODEL_DIR}/Capacitor_SMD.3dshapes/C_0805_2012Metric.wrl
03-17 22:04:06 com_github_MitjaNemec_Archive3DModels.archive_3d_models 134:Did not copy: ${KICAD6_3DMODEL_DIR}/Capacitor_SMD.3dshapes/C_0805_2012Metric.wrl
03-17 22:04:06 com_github_MitjaNemec_Archive3DModels.archive_3d_models 138:Remapping: ${KICAD6_3DMODEL_DIR}/Capacitor_SMD.3dshapes/C_0805_2012Metric.wrl
03-17 22:04:06 com_github_MitjaNemec_Archive3DModels.archive_3d_models 47:Getting 3D models for footprint of: U4
03-17 22:04:06 com_github_MitjaNemec_Archive3DModels.archive_3d_models 58:Trying to copy: ${KICAD6_3DMODEL_DIR}/Package_SO.3dshapes/SOIC-8_3.9x4.9mm_P1.27mm.wrl
03-17 22:04:06 com_github_MitjaNemec_Archive3DModels.archive_3d_models 73:Can not find model defined with enviroment variable:
${KICAD6_3DMODEL_DIR}/Package_SO.3dshapes/SOIC-8_3.9x4.9mm_P1.27mm.wrl
03-17 22:04:06 com_github_MitjaNemec_Archive3DModels.archive_3d_models 134:Did not copy: ${KICAD6_3DMODEL_DIR}/Package_SO.3dshapes/SOIC-8_3.9x4.9mm_P1.27mm.wrl
03-17 22:04:06 com_github_MitjaNemec_Archive3DModels.archive_3d_models 138:Remapping: ${KICAD6_3DMODEL_DIR}/Package_SO.3dshapes/SOIC-8_3.9x4.9mm_P1.27mm.wrl
03-17 22:04:06 com_github_MitjaNemec_Archive3DModels.archive_3d_models 47:Getting 3D models for footprint of: R14
03-17 22:04:06 com_github_MitjaNemec_Archive3DModels.archive_3d_models 58:Trying to copy: ${KICAD6_3DMODEL_DIR}/Resistor_SMD.3dshapes/R_0805_2012Metric.wrl
03-17 22:04:06 com_github_MitjaNemec_Archive3DModels.archive_3d_models 73:Can not find model defined with enviroment variable:
${KICAD6_3DMODEL_DIR}/Resistor_SMD.3dshapes/R_0805_2012Metric.wrl
03-17 22:04:06 com_github_MitjaNemec_Archive3DModels.archive_3d_models 134:Did not copy: ${KICAD6_3DMODEL_DIR}/Resistor_SMD.3dshapes/R_0805_2012Metric.wrl
03-17 22:04:06 com_github_MitjaNemec_Archive3DModels.archive_3d_models 138:Remapping: ${KICAD6_3DMODEL_DIR}/Resistor_SMD.3dshapes/R_0805_2012Metric.wrl
03-17 22:04:06 com_github_MitjaNemec_Archive3DModels.archive_3d_models 47:Getting 3D models for footprint of: SW1
03-17 22:04:06 com_github_MitjaNemec_Archive3DModels.archive_3d_models 58:Trying to copy: ${KICAD6_3DMODEL_DIR}/Button_Switch_SMD.3dshapes/SW_SPST_CK_RS282G05A3.wrl
03-17 22:04:06 com_github_MitjaNemec_Archive3DModels.archive_3d_models 73:Can not find model defined with enviroment variable:
${KICAD6_3DMODEL_DIR}/Button_Switch_SMD.3dshapes/SW_SPST_CK_RS282G05A3.wrl
03-17 22:04:06 com_github_MitjaNemec_Archive3DModels.archive_3d_models 134:Did not copy: ${KICAD6_3DMODEL_DIR}/Button_Switch_SMD.3dshapes/SW_SPST_CK_RS282G05A3.wrl
03-17 22:04:06 com_github_MitjaNemec_Archive3DModels.archive_3d_models 138:Remapping: ${KICAD6_3DMODEL_DIR}/Button_Switch_SMD.3dshapes/SW_SPST_CK_RS282G05A3.wrl
03-17 22:04:06 com_github_MitjaNemec_Archive3DModels.archive_3d_models 47:Getting 3D models for footprint of: C22
03-17 22:04:06 com_github_MitjaNemec_Archive3DModels.archive_3d_models 58:Trying to copy: ${KICAD6_3DMODEL_DIR}/Capacitor_SMD.3dshapes/C_0805_2012Metric.wrl
03-17 22:04:06 com_github_MitjaNemec_Archive3DModels.archive_3d_models 73:Can not find model defined with enviroment variable:
${KICAD6_3DMODEL_DIR}/Capacitor_SMD.3dshapes/C_0805_2012Metric.wrl
03-17 22:04:06 com_github_MitjaNemec_Archive3DModels.archive_3d_models 134:Did not copy: ${KICAD6_3DMODEL_DIR}/Capacitor_SMD.3dshapes/C_0805_2012Metric.wrl
03-17 22:04:06 com_github_MitjaNemec_Archive3DModels.archive_3d_models 138:Remapping: ${KICAD6_3DMODEL_DIR}/Capacitor_SMD.3dshapes/C_0805_2012Metric.wrl
03-17 22:04:06 com_github_MitjaNemec_Archive3DModels.archive_3d_models 47:Getting 3D models for footprint of: R9
03-17 22:04:06 com_github_MitjaNemec_Archive3DModels.archive_3d_models 58:Trying to copy: ${KICAD6_3DMODEL_DIR}/Resistor_SMD.3dshapes/R_0805_2012Metric.wrl
03-17 22:04:06 com_github_MitjaNemec_Archive3DModels.archive_3d_models 73:Can not find model defined with enviroment variable:
${KICAD6_3DMODEL_DIR}/Resistor_SMD.3dshapes/R_0805_2012Metric.wrl
03-17 22:04:06 com_github_MitjaNemec_Archive3DModels.archive_3d_models 134:Did not copy: ${KICAD6_3DMODEL_DIR}/Resistor_SMD.3dshapes/R_0805_2012Metric.wrl
03-17 22:04:06 com_github_MitjaNemec_Archive3DModels.archive_3d_models 138:Remapping: ${KICAD6_3DMODEL_DIR}/Resistor_SMD.3dshapes/R_0805_2012Metric.wrl
03-17 22:04:06 com_github_MitjaNemec_Archive3DModels.archive_3d_models 47:Getting 3D models for footprint of: J8
03-17 22:04:06 com_github_MitjaNemec_Archive3DModels.archive_3d_models 58:Trying to copy: ${KICAD6_3DMODEL_DIR}/Connector_PinHeader_2.54mm.3dshapes/PinHeader_1x03_P2.54mm_Vertical.wrl
03-17 22:04:06 com_github_MitjaNemec_Archive3DModels.archive_3d_models 73:Can not find model defined with enviroment variable:
${KICAD6_3DMODEL_DIR}/Connector_PinHeader_2.54mm.3dshapes/PinHeader_1x03_P2.54mm_Vertical.wrl
03-17 22:04:06 com_github_MitjaNemec_Archive3DModels.archive_3d_models 134:Did not copy: ${KICAD6_3DMODEL_DIR}/Connector_PinHeader_2.54mm.3dshapes/PinHeader_1x03_P2.54mm_Vertical.wrl
03-17 22:04:06 com_github_MitjaNemec_Archive3DModels.archive_3d_models 138:Remapping: ${KICAD6_3DMODEL_DIR}/Connector_PinHeader_2.54mm.3dshapes/PinHeader_1x03_P2.54mm_Vertical.wrl
03-17 22:04:06 com_github_MitjaNemec_Archive3DModels.archive_3d_models 47:Getting 3D models for footprint of: J3
03-17 22:04:06 com_github_MitjaNemec_Archive3DModels.archive_3d_models 58:Trying to copy: ${KICAD8_3DMODEL_DIR}/Connector_PinHeader_2.54mm.3dshapes/PinHeader_1x05_P2.54mm_Vertical.wrl
03-17 22:04:06 com_github_MitjaNemec_Archive3DModels.archive_3d_models 138:Remapping: ${KICAD8_3DMODEL_DIR}/Connector_PinHeader_2.54mm.3dshapes/PinHeader_1x05_P2.54mm_Vertical.wrl
03-17 22:04:06 com_github_MitjaNemec_Archive3DModels.archive_3d_models 47:Getting 3D models for footprint of: C27
03-17 22:04:06 com_github_MitjaNemec_Archive3DModels.archive_3d_models 58:Trying to copy: ${KICAD6_3DMODEL_DIR}/Capacitor_SMD.3dshapes/C_0805_2012Metric.wrl
03-17 22:04:06 com_github_MitjaNemec_Archive3DModels.archive_3d_models 73:Can not find model defined with enviroment variable:
${KICAD6_3DMODEL_DIR}/Capacitor_SMD.3dshapes/C_0805_2012Metric.wrl
03-17 22:04:06 com_github_MitjaNemec_Archive3DModels.archive_3d_models 134:Did not copy: ${KICAD6_3DMODEL_DIR}/Capacitor_SMD.3dshapes/C_0805_2012Metric.wrl
03-17 22:04:06 com_github_MitjaNemec_Archive3DModels.archive_3d_models 138:Remapping: ${KICAD6_3DMODEL_DIR}/Capacitor_SMD.3dshapes/C_0805_2012Metric.wrl
03-17 22:04:06 com_github_MitjaNemec_Archive3DModels.archive_3d_models 47:Getting 3D models for footprint of: H2
03-17 22:04:06 com_github_MitjaNemec_Archive3DModels.archive_3d_models 47:Getting 3D models for footprint of: JP4
03-17 22:04:06 com_github_MitjaNemec_Archive3DModels.archive_3d_models 47:Getting 3D models for footprint of: C15
03-17 22:04:06 com_github_MitjaNemec_Archive3DModels.archive_3d_models 58:Trying to copy: ${KICAD6_3DMODEL_DIR}/Capacitor_SMD.3dshapes/C_0805_2012Metric.wrl
03-17 22:04:06 com_github_MitjaNemec_Archive3DModels.archive_3d_models 73:Can not find model defined with enviroment variable:
${KICAD6_3DMODEL_DIR}/Capacitor_SMD.3dshapes/C_0805_2012Metric.wrl
03-17 22:04:06 com_github_MitjaNemec_Archive3DModels.archive_3d_models 134:Did not copy: ${KICAD6_3DMODEL_DIR}/Capacitor_SMD.3dshapes/C_0805_2012Metric.wrl
03-17 22:04:06 com_github_MitjaNemec_Archive3DModels.archive_3d_models 138:Remapping: ${KICAD6_3DMODEL_DIR}/Capacitor_SMD.3dshapes/C_0805_2012Metric.wrl
03-17 22:04:06 com_github_MitjaNemec_Archive3DModels.archive_3d_models 47:Getting 3D models for footprint of: Y1
03-17 22:04:06 com_github_MitjaNemec_Archive3DModels.archive_3d_models 58:Trying to copy: /Users/Charlie/Downloads/User Library-HC-49.step
03-17 22:04:06 com_github_MitjaNemec_Archive3DModels.archive_3d_models 138:Remapping: /Users/Charlie/Downloads/User Library-HC-49.step
03-17 22:04:06 com_github_MitjaNemec_Archive3DModels.archive_3d_models 58:Trying to copy: ${KIPRJMOD}/packages3D/User Library-HC-49.step
03-17 22:04:06 com_github_MitjaNemec_Archive3DModels.archive_3d_models 138:Remapping: ${KIPRJMOD}/packages3D/User Library-HC-49.step
03-17 22:04:06 com_github_MitjaNemec_Archive3DModels.archive_3d_models 47:Getting 3D models for footprint of: L2
03-17 22:04:06 com_github_MitjaNemec_Archive3DModels.archive_3d_models 58:Trying to copy: ${KICAD6_3DMODEL_DIR}/Inductor_SMD.3dshapes/L_0805_2012Metric.wrl
03-17 22:04:06 com_github_MitjaNemec_Archive3DModels.archive_3d_models 73:Can not find model defined with enviroment variable:
${KICAD6_3DMODEL_DIR}/Inductor_SMD.3dshapes/L_0805_2012Metric.wrl
03-17 22:04:06 com_github_MitjaNemec_Archive3DModels.archive_3d_models 134:Did not copy: ${KICAD6_3DMODEL_DIR}/Inductor_SMD.3dshapes/L_0805_2012Metric.wrl
03-17 22:04:06 com_github_MitjaNemec_Archive3DModels.archive_3d_models 138:Remapping: ${KICAD6_3DMODEL_DIR}/Inductor_SMD.3dshapes/L_0805_2012Metric.wrl
03-17 22:04:06 com_github_MitjaNemec_Archive3DModels.archive_3d_models 47:Getting 3D models for footprint of: R6
03-17 22:04:06 com_github_MitjaNemec_Archive3DModels.archive_3d_models 58:Trying to copy: ${KICAD6_3DMODEL_DIR}/Resistor_SMD.3dshapes/R_0805_2012Metric.wrl
03-17 22:04:06 com_github_MitjaNemec_Archive3DModels.archive_3d_models 73:Can not find model defined with enviroment variable:
${KICAD6_3DMODEL_DIR}/Resistor_SMD.3dshapes/R_0805_2012Metric.wrl
03-17 22:04:06 com_github_MitjaNemec_Archive3DModels.archive_3d_models 134:Did not copy: ${KICAD6_3DMODEL_DIR}/Resistor_SMD.3dshapes/R_0805_2012Metric.wrl
03-17 22:04:06 com_github_MitjaNemec_Archive3DModels.archive_3d_models 138:Remapping: ${KICAD6_3DMODEL_DIR}/Resistor_SMD.3dshapes/R_0805_2012Metric.wrl
03-17 22:04:06 com_github_MitjaNemec_Archive3DModels.archive_3d_models 47:Getting 3D models for footprint of: H3
03-17 22:04:06 com_github_MitjaNemec_Archive3DModels.archive_3d_models 47:Getting 3D models for footprint of: D1
03-17 22:04:06 com_github_MitjaNemec_Archive3DModels.archive_3d_models 58:Trying to copy: ${KICAD6_3DMODEL_DIR}/LED_SMD.3dshapes/LED_0805_2012Metric.wrl
03-17 22:04:06 com_github_MitjaNemec_Archive3DModels.archive_3d_models 73:Can not find model defined with enviroment variable:
${KICAD6_3DMODEL_DIR}/LED_SMD.3dshapes/LED_0805_2012Metric.wrl
03-17 22:04:06 com_github_MitjaNemec_Archive3DModels.archive_3d_models 134:Did not copy: ${KICAD6_3DMODEL_DIR}/LED_SMD.3dshapes/LED_0805_2012Metric.wrl
03-17 22:04:06 com_github_MitjaNemec_Archive3DModels.archive_3d_models 138:Remapping: ${KICAD6_3DMODEL_DIR}/LED_SMD.3dshapes/LED_0805_2012Metric.wrl
03-17 22:04:06 com_github_MitjaNemec_Archive3DModels.archive_3d_models 47:Getting 3D models for footprint of: Q5
03-17 22:04:06 com_github_MitjaNemec_Archive3DModels.archive_3d_models 58:Trying to copy: ${KICAD8_3DMODEL_DIR}/Package_TO_SOT_SMD.3dshapes/SC-59.wrl
03-17 22:04:06 com_github_MitjaNemec_Archive3DModels.archive_3d_models 138:Remapping: ${KICAD8_3DMODEL_DIR}/Package_TO_SOT_SMD.3dshapes/SC-59.wrl
03-17 22:04:06 com_github_MitjaNemec_Archive3DModels.archive_3d_models 47:Getting 3D models for footprint of: R3
03-17 22:04:06 com_github_MitjaNemec_Archive3DModels.archive_3d_models 58:Trying to copy: ${KICAD6_3DMODEL_DIR}/Resistor_SMD.3dshapes/R_0805_2012Metric.wrl
03-17 22:04:06 com_github_MitjaNemec_Archive3DModels.archive_3d_models 73:Can not find model defined with enviroment variable:
${KICAD6_3DMODEL_DIR}/Resistor_SMD.3dshapes/R_0805_2012Metric.wrl
03-17 22:04:06 com_github_MitjaNemec_Archive3DModels.archive_3d_models 134:Did not copy: ${KICAD6_3DMODEL_DIR}/Resistor_SMD.3dshapes/R_0805_2012Metric.wrl
03-17 22:04:06 com_github_MitjaNemec_Archive3DModels.archive_3d_models 138:Remapping: ${KICAD6_3DMODEL_DIR}/Resistor_SMD.3dshapes/R_0805_2012Metric.wrl
03-17 22:04:06 com_github_MitjaNemec_Archive3DModels.archive_3d_models 47:Getting 3D models for footprint of: Q2
03-17 22:04:06 com_github_MitjaNemec_Archive3DModels.archive_3d_models 58:Trying to copy: ${KICAD8_3DMODEL_DIR}/Package_TO_SOT_SMD.3dshapes/SOT-23-3.wrl
03-17 22:04:06 com_github_MitjaNemec_Archive3DModels.archive_3d_models 134:Did not copy: ${KICAD8_3DMODEL_DIR}/Package_TO_SOT_SMD.3dshapes/SOT-23-3.wrl
03-17 22:04:06 com_github_MitjaNemec_Archive3DModels.archive_3d_models 138:Remapping: ${KICAD8_3DMODEL_DIR}/Package_TO_SOT_SMD.3dshapes/SOT-23-3.wrl
03-17 22:04:06 com_github_MitjaNemec_Archive3DModels.archive_3d_models 47:Getting 3D models for footprint of: U1
03-17 22:04:06 com_github_MitjaNemec_Archive3DModels.archive_3d_models 58:Trying to copy: /Users/Charlie/Downloads/User Library-MAX-M8 u-blox M8 Concurrent GNSS Module.step
03-17 22:04:06 com_github_MitjaNemec_Archive3DModels.archive_3d_models 138:Remapping: /Users/Charlie/Downloads/User Library-MAX-M8 u-blox M8 Concurrent GNSS Module.step
03-17 22:04:06 com_github_MitjaNemec_Archive3DModels.archive_3d_models 58:Trying to copy: ${KIPRJMOD}/packages3D/User Library-MAX-M8 u-blox M8 Concurrent GNSS Module.step
03-17 22:04:06 com_github_MitjaNemec_Archive3DModels.archive_3d_models 138:Remapping: ${KIPRJMOD}/packages3D/User Library-MAX-M8 u-blox M8 Concurrent GNSS Module.step
03-17 22:04:06 com_github_MitjaNemec_Archive3DModels.archive_3d_models 47:Getting 3D models for footprint of: C25
03-17 22:04:06 com_github_MitjaNemec_Archive3DModels.archive_3d_models 58:Trying to copy: ${KICAD6_3DMODEL_DIR}/Capacitor_SMD.3dshapes/C_0805_2012Metric.wrl
03-17 22:04:06 com_github_MitjaNemec_Archive3DModels.archive_3d_models 73:Can not find model defined with enviroment variable:
${KICAD6_3DMODEL_DIR}/Capacitor_SMD.3dshapes/C_0805_2012Metric.wrl
03-17 22:04:06 com_github_MitjaNemec_Archive3DModels.archive_3d_models 134:Did not copy: ${KICAD6_3DMODEL_DIR}/Capacitor_SMD.3dshapes/C_0805_2012Metric.wrl
03-17 22:04:06 com_github_MitjaNemec_Archive3DModels.archive_3d_models 138:Remapping: ${KICAD6_3DMODEL_DIR}/Capacitor_SMD.3dshapes/C_0805_2012Metric.wrl
03-17 22:04:06 com_github_MitjaNemec_Archive3DModels.archive_3d_models 47:Getting 3D models for footprint of: C32
03-17 22:04:06 com_github_MitjaNemec_Archive3DModels.archive_3d_models 58:Trying to copy: ${KICAD8_3DMODEL_DIR}/Capacitor_Tantalum_SMD.3dshapes/CP_EIA-3528-21_Kemet-B.wrl
03-17 22:04:06 com_github_MitjaNemec_Archive3DModels.archive_3d_models 138:Remapping: ${KICAD8_3DMODEL_DIR}/Capacitor_Tantalum_SMD.3dshapes/CP_EIA-3528-21_Kemet-B.wrl
03-17 22:04:06 com_github_MitjaNemec_Archive3DModels.archive_3d_models 47:Getting 3D models for footprint of: H4
03-17 22:04:06 com_github_MitjaNemec_Archive3DModels.archive_3d_models 47:Getting 3D models for footprint of: C19
03-17 22:04:06 com_github_MitjaNemec_Archive3DModels.archive_3d_models 58:Trying to copy: ${KICAD6_3DMODEL_DIR}/Capacitor_SMD.3dshapes/C_0805_2012Metric.wrl
03-17 22:04:06 com_github_MitjaNemec_Archive3DModels.archive_3d_models 73:Can not find model defined with enviroment variable:
${KICAD6_3DMODEL_DIR}/Capacitor_SMD.3dshapes/C_0805_2012Metric.wrl
03-17 22:04:06 com_github_MitjaNemec_Archive3DModels.archive_3d_models 134:Did not copy: ${KICAD6_3DMODEL_DIR}/Capacitor_SMD.3dshapes/C_0805_2012Metric.wrl
03-17 22:04:06 com_github_MitjaNemec_Archive3DModels.archive_3d_models 138:Remapping: ${KICAD6_3DMODEL_DIR}/Capacitor_SMD.3dshapes/C_0805_2012Metric.wrl
03-17 22:04:06 com_github_MitjaNemec_Archive3DModels.archive_3d_models 47:Getting 3D models for footprint of: R10
03-17 22:04:06 com_github_MitjaNemec_Archive3DModels.archive_3d_models 58:Trying to copy: ${KICAD6_3DMODEL_DIR}/Resistor_SMD.3dshapes/R_0805_2012Metric.wrl
03-17 22:04:06 com_github_MitjaNemec_Archive3DModels.archive_3d_models 73:Can not find model defined with enviroment variable:
${KICAD6_3DMODEL_DIR}/Resistor_SMD.3dshapes/R_0805_2012Metric.wrl
03-17 22:04:06 com_github_MitjaNemec_Archive3DModels.archive_3d_models 134:Did not copy: ${KICAD6_3DMODEL_DIR}/Resistor_SMD.3dshapes/R_0805_2012Metric.wrl
03-17 22:04:06 com_github_MitjaNemec_Archive3DModels.archive_3d_models 138:Remapping: ${KICAD6_3DMODEL_DIR}/Resistor_SMD.3dshapes/R_0805_2012Metric.wrl
03-17 22:04:06 com_github_MitjaNemec_Archive3DModels.archive_3d_models 47:Getting 3D models for footprint of: R11
03-17 22:04:06 com_github_MitjaNemec_Archive3DModels.archive_3d_models 58:Trying to copy: ${KICAD6_3DMODEL_DIR}/Resistor_SMD.3dshapes/R_0805_2012Metric.wrl
03-17 22:04:06 com_github_MitjaNemec_Archive3DModels.archive_3d_models 73:Can not find model defined with enviroment variable:
${KICAD6_3DMODEL_DIR}/Resistor_SMD.3dshapes/R_0805_2012Metric.wrl
03-17 22:04:06 com_github_MitjaNemec_Archive3DModels.archive_3d_models 134:Did not copy: ${KICAD6_3DMODEL_DIR}/Resistor_SMD.3dshapes/R_0805_2012Metric.wrl
03-17 22:04:06 com_github_MitjaNemec_Archive3DModels.archive_3d_models 138:Remapping: ${KICAD6_3DMODEL_DIR}/Resistor_SMD.3dshapes/R_0805_2012Metric.wrl
03-17 22:04:06 com_github_MitjaNemec_Archive3DModels.archive_3d_models 47:Getting 3D models for footprint of: C10
03-17 22:04:06 com_github_MitjaNemec_Archive3DModels.archive_3d_models 58:Trying to copy: ${KICAD6_3DMODEL_DIR}/Capacitor_SMD.3dshapes/C_0805_2012Metric.wrl
03-17 22:04:06 com_github_MitjaNemec_Archive3DModels.archive_3d_models 73:Can not find model defined with enviroment variable:
${KICAD6_3DMODEL_DIR}/Capacitor_SMD.3dshapes/C_0805_2012Metric.wrl
03-17 22:04:06 com_github_MitjaNemec_Archive3DModels.archive_3d_models 134:Did not copy: ${KICAD6_3DMODEL_DIR}/Capacitor_SMD.3dshapes/C_0805_2012Metric.wrl
03-17 22:04:06 com_github_MitjaNemec_Archive3DModels.archive_3d_models 138:Remapping: ${KICAD6_3DMODEL_DIR}/Capacitor_SMD.3dshapes/C_0805_2012Metric.wrl
03-17 22:04:06 com_github_MitjaNemec_Archive3DModels.archive_3d_models 47:Getting 3D models for footprint of: C28
03-17 22:04:06 com_github_MitjaNemec_Archive3DModels.archive_3d_models 58:Trying to copy: ${KICAD6_3DMODEL_DIR}/Capacitor_SMD.3dshapes/C_0805_2012Metric.wrl
03-17 22:04:06 com_github_MitjaNemec_Archive3DModels.archive_3d_models 73:Can not find model defined with enviroment variable:
${KICAD6_3DMODEL_DIR}/Capacitor_SMD.3dshapes/C_0805_2012Metric.wrl
03-17 22:04:06 com_github_MitjaNemec_Archive3DModels.archive_3d_models 134:Did not copy: ${KICAD6_3DMODEL_DIR}/Capacitor_SMD.3dshapes/C_0805_2012Metric.wrl
03-17 22:04:06 com_github_MitjaNemec_Archive3DModels.archive_3d_models 138:Remapping: ${KICAD6_3DMODEL_DIR}/Capacitor_SMD.3dshapes/C_0805_2012Metric.wrl
03-17 22:04:06 com_github_MitjaNemec_Archive3DModels.archive_3d_models 47:Getting 3D models for footprint of: R17
03-17 22:04:06 com_github_MitjaNemec_Archive3DModels.archive_3d_models 58:Trying to copy: ${KICAD6_3DMODEL_DIR}/Resistor_SMD.3dshapes/R_0805_2012Metric.wrl
03-17 22:04:06 com_github_MitjaNemec_Archive3DModels.archive_3d_models 73:Can not find model defined with enviroment variable:
${KICAD6_3DMODEL_DIR}/Resistor_SMD.3dshapes/R_0805_2012Metric.wrl
03-17 22:04:06 com_github_MitjaNemec_Archive3DModels.archive_3d_models 134:Did not copy: ${KICAD6_3DMODEL_DIR}/Resistor_SMD.3dshapes/R_0805_2012Metric.wrl
03-17 22:04:06 com_github_MitjaNemec_Archive3DModels.archive_3d_models 138:Remapping: ${KICAD6_3DMODEL_DIR}/Resistor_SMD.3dshapes/R_0805_2012Metric.wrl
03-17 22:04:06 com_github_MitjaNemec_Archive3DModels.archive_3d_models 47:Getting 3D models for footprint of: AE1
03-17 22:04:06 com_github_MitjaNemec_Archive3DModels.archive_3d_models 58:Trying to copy: /Users/Charlie/Downloads/User_Library-GPS1003.STEP
03-17 22:04:06 com_github_MitjaNemec_Archive3DModels.archive_3d_models 138:Remapping: /Users/Charlie/Downloads/User_Library-GPS1003.STEP
03-17 22:04:06 com_github_MitjaNemec_Archive3DModels.archive_3d_models 58:Trying to copy: ${KIPRJMOD}/packages3D/User_Library-GPS1003.STEP
03-17 22:04:06 com_github_MitjaNemec_Archive3DModels.archive_3d_models 138:Remapping: ${KIPRJMOD}/packages3D/User_Library-GPS1003.STEP
03-17 22:04:06 com_github_MitjaNemec_Archive3DModels.archive_3d_models 47:Getting 3D models for footprint of: SW4
03-17 22:04:06 com_github_MitjaNemec_Archive3DModels.archive_3d_models 58:Trying to copy: ${KICAD6_3DMODEL_DIR}/Button_Switch_SMD.3dshapes/SW_SPDT_PCM12.wrl
03-17 22:04:06 com_github_MitjaNemec_Archive3DModels.archive_3d_models 73:Can not find model defined with enviroment variable:
${KICAD6_3DMODEL_DIR}/Button_Switch_SMD.3dshapes/SW_SPDT_PCM12.wrl
03-17 22:04:06 com_github_MitjaNemec_Archive3DModels.archive_3d_models 134:Did not copy: ${KICAD6_3DMODEL_DIR}/Button_Switch_SMD.3dshapes/SW_SPDT_PCM12.wrl
03-17 22:04:06 com_github_MitjaNemec_Archive3DModels.archive_3d_models 138:Remapping: ${KICAD6_3DMODEL_DIR}/Button_Switch_SMD.3dshapes/SW_SPDT_PCM12.wrl
03-17 22:04:06 com_github_MitjaNemec_Archive3DModels.archive_3d_models 47:Getting 3D models for footprint of: C30
03-17 22:04:06 com_github_MitjaNemec_Archive3DModels.archive_3d_models 58:Trying to copy: ${KICAD8_3DMODEL_DIR}/Capacitor_Tantalum_SMD.3dshapes/CP_EIA-3528-21_Kemet-B.wrl
03-17 22:04:06 com_github_MitjaNemec_Archive3DModels.archive_3d_models 138:Remapping: ${KICAD8_3DMODEL_DIR}/Capacitor_Tantalum_SMD.3dshapes/CP_EIA-3528-21_Kemet-B.wrl
03-17 22:04:06 com_github_MitjaNemec_Archive3DModels.archive_3d_models 47:Getting 3D models for footprint of: R20
03-17 22:04:06 com_github_MitjaNemec_Archive3DModels.archive_3d_models 58:Trying to copy: ${KICAD6_3DMODEL_DIR}/Resistor_SMD.3dshapes/R_0805_2012Metric.wrl
03-17 22:04:06 com_github_MitjaNemec_Archive3DModels.archive_3d_models 73:Can not find model defined with enviroment variable:
${KICAD6_3DMODEL_DIR}/Resistor_SMD.3dshapes/R_0805_2012Metric.wrl
03-17 22:04:06 com_github_MitjaNemec_Archive3DModels.archive_3d_models 134:Did not copy: ${KICAD6_3DMODEL_DIR}/Resistor_SMD.3dshapes/R_0805_2012Metric.wrl
03-17 22:04:06 com_github_MitjaNemec_Archive3DModels.archive_3d_models 138:Remapping: ${KICAD6_3DMODEL_DIR}/Resistor_SMD.3dshapes/R_0805_2012Metric.wrl
03-17 22:04:06 com_github_MitjaNemec_Archive3DModels.archive_3d_models 47:Getting 3D models for footprint of: Q6
03-17 22:04:06 com_github_MitjaNemec_Archive3DModels.archive_3d_models 58:Trying to copy: ${KICAD8_3DMODEL_DIR}/Package_TO_SOT_SMD.3dshapes/SC-59.wrl
03-17 22:04:06 com_github_MitjaNemec_Archive3DModels.archive_3d_models 138:Remapping: ${KICAD8_3DMODEL_DIR}/Package_TO_SOT_SMD.3dshapes/SC-59.wrl
03-17 22:04:06 com_github_MitjaNemec_Archive3DModels.archive_3d_models 47:Getting 3D models for footprint of: C18
03-17 22:04:06 com_github_MitjaNemec_Archive3DModels.archive_3d_models 58:Trying to copy: ${KICAD6_3DMODEL_DIR}/Capacitor_SMD.3dshapes/C_0805_2012Metric.wrl
03-17 22:04:06 com_github_MitjaNemec_Archive3DModels.archive_3d_models 73:Can not find model defined with enviroment variable:
${KICAD6_3DMODEL_DIR}/Capacitor_SMD.3dshapes/C_0805_2012Metric.wrl
03-17 22:04:06 com_github_MitjaNemec_Archive3DModels.archive_3d_models 134:Did not copy: ${KICAD6_3DMODEL_DIR}/Capacitor_SMD.3dshapes/C_0805_2012Metric.wrl
03-17 22:04:06 com_github_MitjaNemec_Archive3DModels.archive_3d_models 138:Remapping: ${KICAD6_3DMODEL_DIR}/Capacitor_SMD.3dshapes/C_0805_2012Metric.wrl
03-17 22:04:06 com_github_MitjaNemec_Archive3DModels.archive_3d_models 47:Getting 3D models for footprint of: SW3
03-17 22:04:06 com_github_MitjaNemec_Archive3DModels.archive_3d_models 58:Trying to copy: ${KICAD6_3DMODEL_DIR}/Button_Switch_SMD.3dshapes/SW_SPDT_PCM12.wrl
03-17 22:04:06 com_github_MitjaNemec_Archive3DModels.archive_3d_models 73:Can not find model defined with enviroment variable:
${KICAD6_3DMODEL_DIR}/Button_Switch_SMD.3dshapes/SW_SPDT_PCM12.wrl
03-17 22:04:06 com_github_MitjaNemec_Archive3DModels.archive_3d_models 134:Did not copy: ${KICAD6_3DMODEL_DIR}/Button_Switch_SMD.3dshapes/SW_SPDT_PCM12.wrl
03-17 22:04:06 com_github_MitjaNemec_Archive3DModels.archive_3d_models 138:Remapping: ${KICAD6_3DMODEL_DIR}/Button_Switch_SMD.3dshapes/SW_SPDT_PCM12.wrl
03-17 22:04:06 com_github_MitjaNemec_Archive3DModels.archive_3d_models 47:Getting 3D models for footprint of: C9
03-17 22:04:06 com_github_MitjaNemec_Archive3DModels.archive_3d_models 58:Trying to copy: ${KICAD6_3DMODEL_DIR}/Capacitor_SMD.3dshapes/C_0805_2012Metric.wrl
03-17 22:04:06 com_github_MitjaNemec_Archive3DModels.archive_3d_models 73:Can not find model defined with enviroment variable:
${KICAD6_3DMODEL_DIR}/Capacitor_SMD.3dshapes/C_0805_2012Metric.wrl
03-17 22:04:06 com_github_MitjaNemec_Archive3DModels.archive_3d_models 134:Did not copy: ${KICAD6_3DMODEL_DIR}/Capacitor_SMD.3dshapes/C_0805_2012Metric.wrl
03-17 22:04:06 com_github_MitjaNemec_Archive3DModels.archive_3d_models 138:Remapping: ${KICAD6_3DMODEL_DIR}/Capacitor_SMD.3dshapes/C_0805_2012Metric.wrl
03-17 22:04:06 com_github_MitjaNemec_Archive3DModels.archive_3d_models 47:Getting 3D models for footprint of: R23
03-17 22:04:06 com_github_MitjaNemec_Archive3DModels.archive_3d_models 58:Trying to copy: ${KICAD6_3DMODEL_DIR}/Resistor_SMD.3dshapes/R_0805_2012Metric.wrl
03-17 22:04:06 com_github_MitjaNemec_Archive3DModels.archive_3d_models 73:Can not find model defined with enviroment variable:
${KICAD6_3DMODEL_DIR}/Resistor_SMD.3dshapes/R_0805_2012Metric.wrl
03-17 22:04:06 com_github_MitjaNemec_Archive3DModels.archive_3d_models 134:Did not copy: ${KICAD6_3DMODEL_DIR}/Resistor_SMD.3dshapes/R_0805_2012Metric.wrl
03-17 22:04:06 com_github_MitjaNemec_Archive3DModels.archive_3d_models 138:Remapping: ${KICAD6_3DMODEL_DIR}/Resistor_SMD.3dshapes/R_0805_2012Metric.wrl
03-17 22:04:06 com_github_MitjaNemec_Archive3DModels.archive_3d_models 47:Getting 3D models for footprint of: R5
03-17 22:04:06 com_github_MitjaNemec_Archive3DModels.archive_3d_models 58:Trying to copy: ${KICAD6_3DMODEL_DIR}/Resistor_SMD.3dshapes/R_0805_2012Metric.wrl
03-17 22:04:06 com_github_MitjaNemec_Archive3DModels.archive_3d_models 73:Can not find model defined with enviroment variable:
${KICAD6_3DMODEL_DIR}/Resistor_SMD.3dshapes/R_0805_2012Metric.wrl
03-17 22:04:06 com_github_MitjaNemec_Archive3DModels.archive_3d_models 134:Did not copy: ${KICAD6_3DMODEL_DIR}/Resistor_SMD.3dshapes/R_0805_2012Metric.wrl
03-17 22:04:06 com_github_MitjaNemec_Archive3DModels.archive_3d_models 138:Remapping: ${KICAD6_3DMODEL_DIR}/Resistor_SMD.3dshapes/R_0805_2012Metric.wrl
03-17 22:04:06 com_github_MitjaNemec_Archive3DModels.archive_3d_models 47:Getting 3D models for footprint of: J12
03-17 22:04:06 com_github_MitjaNemec_Archive3DModels.archive_3d_models 47:Getting 3D models for footprint of: G***
03-17 22:04:06 com_github_MitjaNemec_Archive3DModels.archive_3d_models 47:Getting 3D models for footprint of: BT1
03-17 22:04:06 com_github_MitjaNemec_Archive3DModels.archive_3d_models 58:Trying to copy: /Users/Charlie/Downloads/BK-82.step
03-17 22:04:06 com_github_MitjaNemec_Archive3DModels.archive_3d_models 138:Remapping: /Users/Charlie/Downloads/BK-82.step
03-17 22:04:06 com_github_MitjaNemec_Archive3DModels.archive_3d_models 47:Getting 3D models for footprint of: JP6
03-17 22:04:06 com_github_MitjaNemec_Archive3DModels.archive_3d_models 47:Getting 3D models for footprint of: J11
03-17 22:04:06 com_github_MitjaNemec_Archive3DModels.archive_3d_models 47:Getting 3D models for footprint of: BT2
03-17 22:04:06 com_github_MitjaNemec_Archive3DModels.archive_3d_models 58:Trying to copy: /Users/Charlie/Downloads/BK-82.step
03-17 22:04:06 com_github_MitjaNemec_Archive3DModels.archive_3d_models 138:Remapping: /Users/Charlie/Downloads/BK-82.step
03-17 22:04:06 com_github_MitjaNemec_Archive3DModels.archive_3d_models 47:Getting 3D models for footprint of: JP7
03-17 22:04:06 com_github_MitjaNemec_Archive3DModels.archive_3d_models 47:Getting 3D models for footprint of: G***
03-17 22:04:06 com_github_MitjaNemec_Archive3DModels.archive_3d_models 149:Did not succeed to copy 3D models!
('J4', '${KICAD6_3DMODEL_DIR}/Connector_PinHeader_2.54mm.3dshapes/PinHeader_1x11_P2.54mm_Vertical.wrl')
('R19', '${KICAD6_3DMODEL_DIR}/Resistor_SMD.3dshapes/R_0805_2012Metric.wrl')
('FB1', '${KICAD6_3DMODEL_DIR}/Resistor_SMD.3dshapes/R_0603_1608Metric.wrl')
('J10', '${KICAD6_3DMODEL_DIR}/Connector_PinHeader_2.54mm.3dshapes/PinHeader_1x03_P2.54mm_Vertical.wrl')
('R2', '${KICAD6_3DMODEL_DIR}/Resistor_SMD.3dshapes/R_0805_2012Metric.wrl')
('C8', '${KICAD6_3DMODEL_DIR}/Capacitor_SMD.3dshapes/C_0805_2012Metric.wrl')
('R4', '${KICAD6_3DMODEL_DIR}/Resistor_SMD.3dshapes/R_0805_2012Metric.wrl')
('C4', '${KICAD6_3DMODEL_DIR}/Capacitor_SMD.3dshapes/C_0805_2012Metric.wrl')
('SW5', '${KICAD6_3DMODEL_DIR}/Button_Switch_SMD.3dshapes/SW_SPST_CK_RS282G05A3.wrl')
('R21', '${KICAD6_3DMODEL_DIR}/Resistor_SMD.3dshapes/R_0805_2012Metric.wrl')
('J6', '${KICAD6_3DMODEL_DIR}/Connector_PinHeader_2.54mm.3dshapes/PinHeader_1x05_P2.54mm_Vertical.wrl')
('D4', '${KICAD6_3DMODEL_DIR}/LED_SMD.3dshapes/LED_0805_2012Metric.wrl')
('C6', '${KICAD6_3DMODEL_DIR}/Capacitor_SMD.3dshapes/C_0805_2012Metric.wrl')
('SW2', '${KICAD6_3DMODEL_DIR}/Button_Switch_SMD.3dshapes/SW_SPDT_PCM12.wrl')
('R18', '${KICAD6_3DMODEL_DIR}/Resistor_SMD.3dshapes/R_0805_2012Metric.wrl')
('C17', '${KICAD6_3DMODEL_DIR}/Capacitor_SMD.3dshapes/C_0805_2012Metric.wrl')
('C21', '${KICAD6_3DMODEL_DIR}/Capacitor_SMD.3dshapes/C_0805_2012Metric.wrl')
('D3', '${KICAD6_3DMODEL_DIR}/LED_SMD.3dshapes/LED_0805_2012Metric.wrl')
('C23', '${KICAD6_3DMODEL_DIR}/Capacitor_SMD.3dshapes/C_0805_2012Metric.wrl')
('C29', '${KICAD6_3DMODEL_DIR}/Capacitor_SMD.3dshapes/C_0805_2012Metric.wrl')
('J9', '${KICAD6_3DMODEL_DIR}/Connector_PinHeader_2.54mm.3dshapes/PinHeader_1x03_P2.54mm_Vertical.wrl')
('C1', '${KICAD6_3DMODEL_DIR}/Capacitor_SMD.3dshapes/C_0805_2012Metric.wrl')
('U5', '${KICAD8_3DMODEL_DIR}/Crystal.3dshapes/Crystal_SMD_Abracon_ABM8AIG-4Pin_3.2x2.5mm.wrl')
('L1', '${KICAD6_3DMODEL_DIR}/Inductor_SMD.3dshapes/L_0805_2012Metric.wrl')
('C11', '${KICAD6_3DMODEL_DIR}/Capacitor_SMD.3dshapes/C_0805_2012Metric.wrl')
('R7', '${KICAD6_3DMODEL_DIR}/Resistor_SMD.3dshapes/R_0805_2012Metric.wrl')
('D2', '${KICAD6_3DMODEL_DIR}/LED_SMD.3dshapes/LED_0805_2012Metric.wrl')
('C7', '${KICAD6_3DMODEL_DIR}/Capacitor_SMD.3dshapes/C_0805_2012Metric.wrl')
('C20', '${KICAD6_3DMODEL_DIR}/Capacitor_SMD.3dshapes/C_0805_2012Metric.wrl')
('J1', '${KICAD6_3DMODEL_DIR}/Connector_PinHeader_2.54mm.3dshapes/PinHeader_1x04_P2.54mm_Vertical.wrl')
('U3', '${KICAD6_3DMODEL_DIR}/Package_QFP.3dshapes/TQFP-32_7x7mm_P0.8mm.wrl')
('U6', '${KICAD6_3DMODEL_DIR}/Package_QFP.3dshapes/TQFP-48_7x7mm_P0.5mm.wrl')
('C3', '${KICAD6_3DMODEL_DIR}/Capacitor_SMD.3dshapes/C_0805_2012Metric.wrl')
('R8', '${KICAD6_3DMODEL_DIR}/Resistor_SMD.3dshapes/R_0805_2012Metric.wrl')
('R15', '${KICAD6_3DMODEL_DIR}/Resistor_SMD.3dshapes/R_0805_2012Metric.wrl')
('R22', '${KICAD6_3DMODEL_DIR}/Resistor_SMD.3dshapes/R_0805_2012Metric.wrl')
('C24', '${KICAD6_3DMODEL_DIR}/Capacitor_SMD.3dshapes/C_0805_2012Metric.wrl')
('C5', '${KICAD6_3DMODEL_DIR}/Capacitor_SMD.3dshapes/C_0805_2012Metric.wrl')
('J7', '${KICAD6_3DMODEL_DIR}/Connector_PinHeader_2.54mm.3dshapes/PinHeader_1x05_P2.54mm_Vertical.wrl')
('Q1', '${KICAD8_3DMODEL_DIR}/Package_TO_SOT_SMD.3dshapes/SOT-23-3.wrl')
('R1', '${KICAD6_3DMODEL_DIR}/Resistor_SMD.3dshapes/R_0805_2012Metric.wrl')
('J2', '${KICAD6_3DMODEL_DIR}/Connector_PinHeader_2.54mm.3dshapes/PinHeader_2x03_P2.54mm_Vertical.wrl')
('R13', '${KICAD6_3DMODEL_DIR}/Resistor_SMD.3dshapes/R_0805_2012Metric.wrl')
('J5', '${KICAD7_3DMODEL_DIR}/Connector_USB.3dshapes/USB_C_Receptacle_GCT_USB4105-xx-A_16P_TopMnt_Horizontal.wrl')
('C26', '${KICAD6_3DMODEL_DIR}/Capacitor_SMD.3dshapes/C_0805_2012Metric.wrl')
('R16', '${KICAD6_3DMODEL_DIR}/Resistor_SMD.3dshapes/R_0805_2012Metric.wrl')
('Q3', '${KICAD8_3DMODEL_DIR}/Package_TO_SOT_SMD.3dshapes/SOT-23-3.wrl')
('C12', '${KICAD6_3DMODEL_DIR}/Capacitor_SMD.3dshapes/C_0805_2012Metric.wrl')
('C2', '${KICAD6_3DMODEL_DIR}/Capacitor_SMD.3dshapes/C_0805_2012Metric.wrl')
('U4', '${KICAD6_3DMODEL_DIR}/Package_SO.3dshapes/SOIC-8_3.9x4.9mm_P1.27mm.wrl')
('R14', '${KICAD6_3DMODEL_DIR}/Resistor_SMD.3dshapes/R_0805_2012Metric.wrl')
('SW1', '${KICAD6_3DMODEL_DIR}/Button_Switch_SMD.3dshapes/SW_SPST_CK_RS282G05A3.wrl')
('C22', '${KICAD6_3DMODEL_DIR}/Capacitor_SMD.3dshapes/C_0805_2012Metric.wrl')
('R9', '${KICAD6_3DMODEL_DIR}/Resistor_SMD.3dshapes/R_0805_2012Metric.wrl')
('J8', '${KICAD6_3DMODEL_DIR}/Connector_PinHeader_2.54mm.3dshapes/PinHeader_1x03_P2.54mm_Vertical.wrl')
('C27', '${KICAD6_3DMODEL_DIR}/Capacitor_SMD.3dshapes/C_0805_2012Metric.wrl')
('C15', '${KICAD6_3DMODEL_DIR}/Capacitor_SMD.3dshapes/C_0805_2012Metric.wrl')
('L2', '${KICAD6_3DMODEL_DIR}/Inductor_SMD.3dshapes/L_0805_2012Metric.wrl')
('R6', '${KICAD6_3DMODEL_DIR}/Resistor_SMD.3dshapes/R_0805_2012Metric.wrl')
('D1', '${KICAD6_3DMODEL_DIR}/LED_SMD.3dshapes/LED_0805_2012Metric.wrl')
('R3', '${KICAD6_3DMODEL_DIR}/Resistor_SMD.3dshapes/R_0805_2012Metric.wrl')
('Q2', '${KICAD8_3DMODEL_DIR}/Package_TO_SOT_SMD.3dshapes/SOT-23-3.wrl')
('C25', '${KICAD6_3DMODEL_DIR}/Capacitor_SMD.3dshapes/C_0805_2012Metric.wrl')
('C19', '${KICAD6_3DMODEL_DIR}/Capacitor_SMD.3dshapes/C_0805_2012Metric.wrl')
('R10', '${KICAD6_3DMODEL_DIR}/Resistor_SMD.3dshapes/R_0805_2012Metric.wrl')
('R11', '${KICAD6_3DMODEL_DIR}/Resistor_SMD.3dshapes/R_0805_2012Metric.wrl')
('C10', '${KICAD6_3DMODEL_DIR}/Capacitor_SMD.3dshapes/C_0805_2012Metric.wrl')
('C28', '${KICAD6_3DMODEL_DIR}/Capacitor_SMD.3dshapes/C_0805_2012Metric.wrl')
('R17', '${KICAD6_3DMODEL_DIR}/Resistor_SMD.3dshapes/R_0805_2012Metric.wrl')
('SW4', '${KICAD6_3DMODEL_DIR}/Button_Switch_SMD.3dshapes/SW_SPDT_PCM12.wrl')
('R20', '${KICAD6_3DMODEL_DIR}/Resistor_SMD.3dshapes/R_0805_2012Metric.wrl')
('C18', '${KICAD6_3DMODEL_DIR}/Capacitor_SMD.3dshapes/C_0805_2012Metric.wrl')
('SW3', '${KICAD6_3DMODEL_DIR}/Button_Switch_SMD.3dshapes/SW_SPDT_PCM12.wrl')
('C9', '${KICAD6_3DMODEL_DIR}/Capacitor_SMD.3dshapes/C_0805_2012Metric.wrl')
('R23', '${KICAD6_3DMODEL_DIR}/Resistor_SMD.3dshapes/R_0805_2012Metric.wrl')
('R5', '${KICAD6_3DMODEL_DIR}/Resistor_SMD.3dshapes/R_0805_2012Metric.wrl')
